[+] Containers:
 |- [+] Container: /Game/FirstPerson/Maps/FirstPersonMap
 |   |- [+] ActorDescs:
 |   |   |- Guid:020470D54DF61B07FD069F9406762FDE BaseClass: NativeClass:/Script/Engine.StaticMeshActor Name:StaticMeshActor_UAID_A8A159704B01B80302_2117067065 Label:SM_Scatter_04_D6 SpatiallyLoaded:1 Bounds:IsValid=true, Min=(X=-19722.649 Y=32418.152 Z=6032.125), Max=(X=-19405.511 Y=32733.454 Z=6049.295) RuntimeGrid:None EditorOnly:0 RuntimeOnly:0 HLODRelevant:1 ListedInSceneOutliner:1 IsMainWorldOnly:0 FolderPath:Scatters FolderGuid:B5892DAB43C30B5FB89F719FFFE0BACE
 |   |   |- Guid:177C34C9469376FCC1BBDD83A74ED23A BaseClass: NativeClass:/Script/Engine.StaticMeshActor Name:StaticMeshActor_UAID_A8A159704B01B80302_1078343054 Label:Plane3 SpatiallyLoaded:1 Bounds:IsValid=true, Min=(X=-26383.393 Y=26587.141 Z=3999.712), Max=(X=-11383.393 Y=26587.141 Z=8999.712) RuntimeGrid:None EditorOnly:0 RuntimeOnly:0 HLODRelevant:0 ListedInSceneOutliner:1 IsMainWorldOnly:0 FolderPath:Invisible walls FolderGuid:C51F340D44BAF0026BB53C88CE35AC01
 |   |   |- Guid:1909693D4499F15E3E6E779200717735 BaseClass: NativeClass:/Script/Engine.LevelInstance Name:LevelInstance_UAID_A8A159704B01B00302_1323661644 Label:Demo SpatiallyLoaded:1 Bounds:IsValid=true, Min=(X=-1655612.421 Y=-1615464.899 Z=-1631312.579), Max=(X=1621187.579 Y=1661335.101 Z=1645487.421) RuntimeGrid:None EditorOnly:0 RuntimeOnly:0 HLODRelevant:0 ListedInSceneOutliner:1 IsMainWorldOnly:0
 |   |   |- Guid:1EAE314F47595F2EC374B8BF25B273C8 BaseClass: NativeClass:/Script/Engine.StaticMeshActor Name:StaticMeshActor_UAID_A8A159704B01B60302_2095532698 Label:SM_Scatter_04_C SpatiallyLoaded:1 Bounds:IsValid=true, Min=(X=-18144.046 Y=32655.544 Z=5990.505), Max=(X=-17822.811 Y=33009.386 Z=6030.328) RuntimeGrid:None EditorOnly:0 RuntimeOnly:0 HLODRelevant:1 ListedInSceneOutliner:1 IsMainWorldOnly:0 FolderPath:Scatters FolderGuid:B5892DAB43C30B5FB89F719FFFE0BACE
 |   |   |- Guid:21262252453B37957EF29F82ABA2413B BaseClass: NativeClass:/Script/Engine.TextRenderActor Name:TextRenderActor_1 Label:TextRenderActor SpatiallyLoaded:1 Bounds:IsValid=true, Min=(X=-0.100 Y=1100.000 Z=65.013), Max=(X=-0.100 Y=2363.461 Z=215.013) RuntimeGrid:None EditorOnly:0 RuntimeOnly:0 HLODRelevant:0 ListedInSceneOutliner:1 IsMainWorldOnly:0
 |   |   |- Guid:254FB6C6426B9B283DB4B38FA57D1BBC BaseClass: NativeClass:/Script/Landscape.LandscapeStreamingProxy Name:LandscapeStreamingProxy_8A5981RF4J0M8OUXYZ2U1UMB5_30_2_2_0 Label:LandscapeStreamingProxy_2_2_0 SpatiallyLoaded:1 Bounds:IsValid=true, Min=(X=-17860.000 Y=29618.000 Z=5900.000), Max=(X=-14860.000 Y=32618.000 Z=6095.312) RuntimeGrid:None EditorOnly:0 RuntimeOnly:0 HLODRelevant:1 ListedInSceneOutliner:1 IsMainWorldOnly:0
 |   |   |- Guid:29AEFE2242087AE0D4058383A8889E06 BaseClass: NativeClass:/Script/Landscape.LandscapeStreamingProxy Name:LandscapeStreamingProxy_8A5981RF4J0M8OUXYZ2U1UMB5_30_3_0_0 Label:LandscapeStreamingProxy_3_0_0 SpatiallyLoaded:1 Bounds:IsValid=true, Min=(X=-14860.000 Y=23618.000 Z=5900.000), Max=(X=-11860.000 Y=26618.000 Z=5967.969) RuntimeGrid:None EditorOnly:0 RuntimeOnly:0 HLODRelevant:1 ListedInSceneOutliner:1 IsMainWorldOnly:0
 |   |   |- Guid:3734142C4F65ABB6992AF4BACE1CC2D2 BaseClass: NativeClass:/Script/Engine.StaticMeshActor Name:StaticMeshActor_UAID_A8A159704B01B90302_1182918243 Label:SM_Scatter_04_C2 SpatiallyLoaded:1 Bounds:IsValid=true, Min=(X=-18825.084 Y=30161.212 Z=6011.229), Max=(X=-18503.849 Y=30515.054 Z=6051.052) RuntimeGrid:None EditorOnly:0 RuntimeOnly:0 HLODRelevant:1 ListedInSceneOutliner:1 IsMainWorldOnly:0 FolderPath:Scatters FolderGuid:B5892DAB43C30B5FB89F719FFFE0BACE
 |   |   |- Guid:3BFBFD7C4E2684585EAB63A95BEECA7D BaseClass: NativeClass:/Script/Engine.StaticMeshActor Name:StaticMeshActor_UAID_A8A159704B01AE0302_1915659288 Label:StaticMeshActor SpatiallyLoaded:1 Bounds:IsValid=true, Min=(X=5323.870 Y=9484.507 Z=-1139.524), Max=(X=5323.870 Y=9484.507 Z=-1139.524) RuntimeGrid:None EditorOnly:0 RuntimeOnly:0 HLODRelevant:0 ListedInSceneOutliner:1 IsMainWorldOnly:0
 |   |   |- Guid:444215364B8694439D785A919EA4C1DD BaseClass: NativeClass:/Script/Foliage.InstancedFoliageActor Name:InstancedFoliageActor_25600_-1_1_0 Label:InstancedFoliageActor_-1_1_0 SpatiallyLoaded:1 Bounds:(Editor:IsValid=true, Min=(X=-25600.000 Y=25600.000 Z=0.000), Max=(X=0.000 Y=51200.000 Z=25600.000) Runtime:IsValid=true, Min=(X=-23962.913 Y=25934.257 Z=5846.371), Max=(X=-11690.823 Y=35603.892 Z=6550.314)) RuntimeGrid:None EditorOnly:0 RuntimeOnly:0 HLODRelevant:0 ListedInSceneOutliner:1 IsMainWorldOnly:0
 |   |   |- Guid:488A52B84D466AF0C252EA9E8E7BEA5D BaseClass: NativeClass:/Script/Landscape.LandscapeStreamingProxy Name:LandscapeStreamingProxy_8A5981RF4J0M8OUXYZ2U1UMB5_30_3_2_0 Label:LandscapeStreamingProxy_3_2_0 SpatiallyLoaded:1 Bounds:IsValid=true, Min=(X=-14860.000 Y=29618.000 Z=5900.000), Max=(X=-11860.000 Y=32618.000 Z=6050.000) RuntimeGrid:None EditorOnly:0 RuntimeOnly:0 HLODRelevant:1 ListedInSceneOutliner:1 IsMainWorldOnly:0
 |   |   |- Guid:522E24504A5879B01DDC998A86673C23 BaseClass: NativeClass:/Script/Landscape.LandscapeStreamingProxy Name:LandscapeStreamingProxy_8A5981RF4J0M8OUXYZ2U1UMB5_30_1_3_0 Label:LandscapeStreamingProxy_1_3_0 SpatiallyLoaded:1 Bounds:IsValid=true, Min=(X=-20860.000 Y=32618.000 Z=5966.406), Max=(X=-17860.000 Y=35618.000 Z=6085.156) RuntimeGrid:None EditorOnly:0 RuntimeOnly:0 HLODRelevant:1 ListedInSceneOutliner:1 IsMainWorldOnly:0
 |   |   |- Guid:52F20B6C48FBDADAB67EEB83CDA3D527 BaseClass: NativeClass:/Script/Landscape.LandscapeStreamingProxy Name:LandscapeStreamingProxy_8A5981RF4J0M8OUXYZ2U1UMB5_30_0_3_0 Label:LandscapeStreamingProxy_0_3_0 SpatiallyLoaded:1 Bounds:IsValid=true, Min=(X=-23860.000 Y=32618.000 Z=5900.000), Max=(X=-20860.000 Y=35618.000 Z=6109.375) RuntimeGrid:None EditorOnly:0 RuntimeOnly:0 HLODRelevant:1 ListedInSceneOutliner:1 IsMainWorldOnly:0
 |   |   |- Guid:53D77C3A4E1680ADA0EBB9A8C32AAC81 BaseClass: NativeClass:/Script/Landscape.LandscapeStreamingProxy Name:LandscapeStreamingProxy_8A5981RF4J0M8OUXYZ2U1UMB5_30_3_1_0 Label:LandscapeStreamingProxy_3_1_0 SpatiallyLoaded:1 Bounds:IsValid=true, Min=(X=-14860.000 Y=26618.000 Z=5900.000), Max=(X=-11860.000 Y=29618.000 Z=6049.219) RuntimeGrid:None EditorOnly:0 RuntimeOnly:0 HLODRelevant:1 ListedInSceneOutliner:1 IsMainWorldOnly:0
 |   |   |- Guid:549B59CB4E44F74E38E6EFA270B3A3A0 BaseClass: NativeClass:/Script/Landscape.LandscapeStreamingProxy Name:LandscapeStreamingProxy_8A5981RF4J0M8OUXYZ2U1UMB5_30_2_1_0 Label:LandscapeStreamingProxy_2_1_0 SpatiallyLoaded:1 Bounds:IsValid=true, Min=(X=-17860.000 Y=26618.000 Z=5933.594), Max=(X=-14860.000 Y=29618.000 Z=6162.500) RuntimeGrid:None EditorOnly:0 RuntimeOnly:0 HLODRelevant:1 ListedInSceneOutliner:1 IsMainWorldOnly:0
 |   |   |- Guid:55075F9B4B77C6E4F4135490562A03E6 BaseClass: NativeClass:/Script/Landscape.LandscapeStreamingProxy Name:LandscapeStreamingProxy_8A5981RF4J0M8OUXYZ2U1UMB5_30_2_3_0 Label:LandscapeStreamingProxy_2_3_0 SpatiallyLoaded:1 Bounds:IsValid=true, Min=(X=-17860.000 Y=32618.000 Z=5900.000), Max=(X=-14860.000 Y=35618.000 Z=6005.469) RuntimeGrid:None EditorOnly:0 RuntimeOnly:0 HLODRelevant:1 ListedInSceneOutliner:1 IsMainWorldOnly:0
 |   |   |- Guid:55731B5D409D0BE3529884814B73ED11 BaseClass: NativeClass:/Script/Engine.StaticMeshActor Name:StaticMeshActor_UAID_A8A159704B01B80302_1112816055 Label:Plane4 SpatiallyLoaded:1 Bounds:IsValid=true, Min=(X=-12327.117 Y=23126.191 Z=3968.217), Max=(X=-12327.117 Y=38126.191 Z=8968.217) RuntimeGrid:None EditorOnly:0 RuntimeOnly:0 HLODRelevant:0 ListedInSceneOutliner:1 IsMainWorldOnly:0 FolderPath:Invisible walls FolderGuid:C51F340D44BAF0026BB53C88CE35AC01
 |   |   |- Guid:57ECA0D240450F1C34188588A849D4FB BaseClass: NativeClass:/Script/Engine.StaticMeshActor Name:StaticMeshActor_UAID_A8A159704B01B80302_2134332066 Label:SM_Scatter_04_D7 SpatiallyLoaded:1 Bounds:IsValid=true, Min=(X=-21188.434 Y=32340.511 Z=6059.068), Max=(X=-20871.296 Y=32655.813 Z=6076.238) RuntimeGrid:None EditorOnly:0 RuntimeOnly:0 HLODRelevant:1 ListedInSceneOutliner:1 IsMainWorldOnly:0 FolderPath:Scatters FolderGuid:B5892DAB43C30B5FB89F719FFFE0BACE
 |   |   |- Guid:59AFD4DB43B5C437A58267BC123A3A65 BaseClass: NativeClass:/Script/Landscape.LandscapeStreamingProxy Name:LandscapeStreamingProxy_8A5981RF4J0M8OUXYZ2U1UMB5_30_0_1_0 Label:LandscapeStreamingProxy_0_1_0 SpatiallyLoaded:1 Bounds:IsValid=true, Min=(X=-23860.000 Y=26618.000 Z=5900.000), Max=(X=-20860.000 Y=29618.000 Z=6173.438) RuntimeGrid:None EditorOnly:0 RuntimeOnly:0 HLODRelevant:1 ListedInSceneOutliner:1 IsMainWorldOnly:0
 |   |   |- Guid:5B61B99047299BB93D1A6EA43B967C0A BaseClass: NativeClass:/Script/Engine.StaticMeshActor Name:StaticMeshActor_UAID_A8A159704B01B80302_1949520056 Label:SM_Scatter_04_D SpatiallyLoaded:1 Bounds:IsValid=true, Min=(X=-21188.434 Y=32340.511 Z=6054.135), Max=(X=-20871.296 Y=32655.813 Z=6071.305) RuntimeGrid:None EditorOnly:0 RuntimeOnly:0 HLODRelevant:1 ListedInSceneOutliner:1 IsMainWorldOnly:0 FolderPath:Scatters FolderGuid:B5892DAB43C30B5FB89F719FFFE0BACE
 |   |   |- Guid:5CB5DA224428EC5D10E1C791106857D7 BaseClass: NativeClass:/Script/Engine.StaticMeshActor Name:StaticMeshActor_UAID_A8A159704B01B80302_2075516062 Label:SM_Scatter_04_D2 SpatiallyLoaded:1 Bounds:IsValid=true, Min=(X=-21774.091 Y=33031.977 Z=6054.135), Max=(X=-21456.953 Y=33347.279 Z=6071.305) RuntimeGrid:None EditorOnly:0 RuntimeOnly:0 HLODRelevant:1 ListedInSceneOutliner:1 IsMainWorldOnly:0 FolderPath:Scatters FolderGuid:B5892DAB43C30B5FB89F719FFFE0BACE
 |   |   |- Guid:5FE7584649BB6F09265329A6C57CFD0D BaseClass: NativeClass:/Script/Engine.VolumetricCloud Name:VolumetricCloud_0 Label:VolumetricCloud SpatiallyLoaded:0 Bounds:IsValid=true, Min=(X=0.000 Y=0.000 Z=820.000), Max=(X=0.000 Y=0.000 Z=820.000) RuntimeGrid:None EditorOnly:0 RuntimeOnly:0 HLODRelevant:0 ListedInSceneOutliner:1 IsMainWorldOnly:0 FolderPath:Lighting FolderGuid:0BA5F0A04EADB18E70D5B180D08FA34B
 |   |   |- Guid:61391D344900612A77DFC3BA3E354907 BaseClass: NativeClass:/Script/Engine.ExponentialHeightFog Name:ExponentialHeightFog_0 Label:ExponentialHeightFog SpatiallyLoaded:0 Bounds:IsValid=true, Min=(X=-5600.000 Y=-50.000 Z=-6850.000), Max=(X=-5600.000 Y=-50.000 Z=-6850.000) RuntimeGrid:None EditorOnly:0 RuntimeOnly:0 HLODRelevant:0 ListedInSceneOutliner:1 IsMainWorldOnly:0 FolderPath:Lighting FolderGuid:0BA5F0A04EADB18E70D5B180D08FA34B
 |   |   |- Guid:6FEFB3BD4EB37B849EF0D4AC80F83855 BaseClass: NativeClass:/Script/Engine.WorldDataLayers Name:WorldDataLayers Label:WorldDataLayers SpatiallyLoaded:0 Bounds:IsValid=true, Min=(X=0.000 Y=0.000 Z=0.000), Max=(X=0.000 Y=0.000 Z=0.000) RuntimeGrid:None EditorOnly:0 RuntimeOnly:0 HLODRelevant:0 ListedInSceneOutliner:1 IsMainWorldOnly:1
 |   |   |- Guid:71DC50D0424112D783474F8D5CBBD92C BaseClass: NativeClass:/Script/Engine.StaticMeshActor Name:StaticMeshActor_UAID_A8A159704B01B80302_2057096061 Label:SM_Scatter_04_D3 SpatiallyLoaded:1 Bounds:IsValid=true, Min=(X=-20676.058 Y=32340.511 Z=6048.248), Max=(X=-20358.920 Y=32655.813 Z=6065.418) RuntimeGrid:None EditorOnly:0 RuntimeOnly:0 HLODRelevant:1 ListedInSceneOutliner:1 IsMainWorldOnly:0 FolderPath:Scatters FolderGuid:B5892DAB43C30B5FB89F719FFFE0BACE
 |   |   |- Guid:72276C4D481EFA38956C84A831837C6A BaseClass: NativeClass:/Script/Landscape.LandscapeStreamingProxy Name:LandscapeStreamingProxy_8A5981RF4J0M8OUXYZ2U1UMB5_30_1_2_0 Label:LandscapeStreamingProxy_1_2_0 SpatiallyLoaded:1 Bounds:IsValid=true, Min=(X=-20860.000 Y=29618.000 Z=5938.281), Max=(X=-17860.000 Y=32618.000 Z=6164.062) RuntimeGrid:None EditorOnly:0 RuntimeOnly:0 HLODRelevant:1 ListedInSceneOutliner:1 IsMainWorldOnly:0
 |   |   |- Guid:83D4014B47DD23ABBF8B599748254806 BaseClass: NativeClass:/Script/Landscape.LandscapeStreamingProxy Name:LandscapeStreamingProxy_8A5981RF4J0M8OUXYZ2U1UMB5_30_1_0_0 Label:LandscapeStreamingProxy_1_0_0 SpatiallyLoaded:1 Bounds:IsValid=true, Min=(X=-20860.000 Y=23618.000 Z=5900.000), Max=(X=-17860.000 Y=26618.000 Z=6092.188) RuntimeGrid:None EditorOnly:0 RuntimeOnly:0 HLODRelevant:1 ListedInSceneOutliner:1 IsMainWorldOnly:0
 |   |   |- Guid:8831F27846003C1A9310B081E17E7930 BaseClass: NativeClass:/Script/Landscape.LandscapeStreamingProxy Name:LandscapeStreamingProxy_8A5981RF4J0M8OUXYZ2U1UMB5_30_3_3_0 Label:LandscapeStreamingProxy_3_3_0 SpatiallyLoaded:1 Bounds:IsValid=true, Min=(X=-14860.000 Y=32618.000 Z=5900.000), Max=(X=-11860.000 Y=35618.000 Z=5936.719) RuntimeGrid:None EditorOnly:0 RuntimeOnly:0 HLODRelevant:1 ListedInSceneOutliner:1 IsMainWorldOnly:0
 |   |   |- Guid:97378D4841C1E6C7E92437BE7556E195 BaseClass: NativeClass:/Script/Engine.StaticMeshActor Name:StaticMeshActor_UAID_A8A159704B01B70302_2073234876 Label:Plane2 SpatiallyLoaded:1 Bounds:IsValid=true, Min=(X=-23167.993 Y=23126.191 Z=3968.217), Max=(X=-23167.993 Y=38126.191 Z=8968.217) RuntimeGrid:None EditorOnly:0 RuntimeOnly:0 HLODRelevant:0 ListedInSceneOutliner:1 IsMainWorldOnly:0 FolderPath:Invisible walls FolderGuid:C51F340D44BAF0026BB53C88CE35AC01
 |   |   |- Guid:A354B1B24E617A525DC6B48CCDE2417E BaseClass: NativeClass:/Script/Engine.PlayerStart Name:PlayerStart_0 Label:PlayerStart SpatiallyLoaded:0 Bounds:IsValid=true, Min=(X=-16228.452 Y=27893.206 Z=6164.972), Max=(X=-16148.452 Y=27973.206 Z=6348.972) RuntimeGrid:None EditorOnly:0 RuntimeOnly:0 HLODRelevant:0 ListedInSceneOutliner:1 IsMainWorldOnly:0
 |   |   |- Guid:B5EAFA2543CEDD6CF520C794DCDA61E5 BaseClass: NativeClass:/Script/Landscape.LandscapeStreamingProxy Name:LandscapeStreamingProxy_8A5981RF4J0M8OUXYZ2U1UMB5_30_2_0_0 Label:LandscapeStreamingProxy_2_0_0 SpatiallyLoaded:1 Bounds:IsValid=true, Min=(X=-17860.000 Y=23618.000 Z=5900.000), Max=(X=-14860.000 Y=26618.000 Z=6121.875) RuntimeGrid:None EditorOnly:0 RuntimeOnly:0 HLODRelevant:1 ListedInSceneOutliner:1 IsMainWorldOnly:0
 |   |   |- Guid:B73BE24748D8FE692F283CAF80421205 BaseClass: NativeClass:/Script/Engine.StaticMeshActor Name:StaticMeshActor_UAID_A8A159704B01B80302_2092968063 Label:SM_Scatter_04_D4 SpatiallyLoaded:1 Bounds:IsValid=true, Min=(X=-20970.225 Y=31382.001 Z=6040.496), Max=(X=-20653.087 Y=31697.303 Z=6057.666) RuntimeGrid:None EditorOnly:0 RuntimeOnly:0 HLODRelevant:1 ListedInSceneOutliner:1 IsMainWorldOnly:0 FolderPath:Scatters FolderGuid:B5892DAB43C30B5FB89F719FFFE0BACE
 |   |   |- Guid:BAD4F984480A9A4A71F0D59689AD05B2 BaseClass: NativeClass:/Script/Landscape.LandscapeStreamingProxy Name:LandscapeStreamingProxy_8A5981RF4J0M8OUXYZ2U1UMB5_30_1_1_0 Label:LandscapeStreamingProxy_1_1_0 SpatiallyLoaded:1 Bounds:IsValid=true, Min=(X=-20860.000 Y=26618.000 Z=6042.969), Max=(X=-17860.000 Y=29618.000 Z=6172.656) RuntimeGrid:None EditorOnly:0 RuntimeOnly:0 HLODRelevant:1 ListedInSceneOutliner:1 IsMainWorldOnly:0
 |   |   |- Guid:C0C56B9644AE3D40CAFF6A878DB29844 BaseClass: NativeClass:/Script/Engine.StaticMeshActor Name:StaticMeshActor_UAID_A4AE111137DC5EFB00_2001720423 Label:SM_SkySphere SpatiallyLoaded:0 Bounds:IsValid=true, Min=(X=-1638400.000 Y=-1638400.000 Z=-1638400.000), Max=(X=1638400.000 Y=1638400.000 Z=1638400.000) RuntimeGrid:None EditorOnly:0 RuntimeOnly:0 HLODRelevant:1 ListedInSceneOutliner:1 IsMainWorldOnly:0 FolderPath:Lighting FolderGuid:0BA5F0A04EADB18E70D5B180D08FA34B
 |   |   |- Guid:C22CE07C4B87D685137FDBBC10FC92C6 BaseClass: NativeClass:/Script/Engine.SkyAtmosphere Name:SkyAtmosphere_0 Label:SkyAtmosphere SpatiallyLoaded:0 Bounds:IsValid=true, Min=(X=0.000 Y=0.000 Z=1020.000), Max=(X=0.000 Y=0.000 Z=1020.000) RuntimeGrid:None EditorOnly:0 RuntimeOnly:0 HLODRelevant:0 ListedInSceneOutliner:1 IsMainWorldOnly:0 FolderPath:Lighting FolderGuid:0BA5F0A04EADB18E70D5B180D08FA34B
 |   |   |- Guid:CE8D82634660FCDB3120E2B8D547C533 BaseClass: NativeClass:/Script/Engine.PostProcessVolume Name:PostProcessVolume_0 Label:PostProcessVolume SpatiallyLoaded:0 Bounds:IsValid=true, Min=(X=0.000 Y=0.000 Z=400.000), Max=(X=200.000 Y=200.000 Z=600.000) RuntimeGrid:None EditorOnly:0 RuntimeOnly:0 HLODRelevant:0 ListedInSceneOutliner:1 IsMainWorldOnly:0 FolderPath:Lighting FolderGuid:0BA5F0A04EADB18E70D5B180D08FA34B
 |   |   |- Guid:D6B51FEF4E5DA8164FC9C2A7CE5F28B5 BaseClass: NativeClass:/Script/Landscape.LandscapeStreamingProxy Name:LandscapeStreamingProxy_8A5981RF4J0M8OUXYZ2U1UMB5_30_0_2_0 Label:LandscapeStreamingProxy_0_2_0 SpatiallyLoaded:1 Bounds:IsValid=true, Min=(X=-23860.000 Y=29618.000 Z=5928.125), Max=(X=-20860.000 Y=32618.000 Z=6173.438) RuntimeGrid:None EditorOnly:0 RuntimeOnly:0 HLODRelevant:1 ListedInSceneOutliner:1 IsMainWorldOnly:0
 |   |   |- Guid:E5320C1B4FD9764CE7B54D8487AEC613 BaseClass: NativeClass:/Script/Engine.SkyLight Name:SkyLight_0 Label:SkyLight SpatiallyLoaded:0 Bounds:IsValid=true, Min=(X=0.000 Y=0.000 Z=690.000), Max=(X=0.000 Y=0.000 Z=690.000) RuntimeGrid:None EditorOnly:0 RuntimeOnly:0 HLODRelevant:0 ListedInSceneOutliner:1 IsMainWorldOnly:0 FolderPath:Lighting FolderGuid:0BA5F0A04EADB18E70D5B180D08FA34B
 |   |   |- Guid:EA37474E40A927D00AC813A5040492E4 BaseClass: NativeClass:/Script/Engine.StaticMeshActor Name:StaticMeshActor_UAID_A8A159704B01B70302_1894753875 Label:Plane SpatiallyLoaded:1 Bounds:IsValid=true, Min=(X=-26383.393 Y=35336.207 Z=3999.712), Max=(X=-11383.393 Y=35336.207 Z=8999.712) RuntimeGrid:None EditorOnly:0 RuntimeOnly:0 HLODRelevant:0 ListedInSceneOutliner:1 IsMainWorldOnly:0 FolderPath:Invisible walls FolderGuid:C51F340D44BAF0026BB53C88CE35AC01
 |   |   |- Guid:F80621C9446867154938FE81375207DA BaseClass: NativeClass:/Script/Engine.DirectionalLight Name:DirectionalLight_1 Label:DirectionalLight SpatiallyLoaded:0 Bounds:IsValid=true, Min=(X=-1048576.000 Y=-1048576.000 Z=-1048576.000), Max=(X=1048576.000 Y=1048576.000 Z=1048576.000) RuntimeGrid:None EditorOnly:0 RuntimeOnly:0 HLODRelevant:0 ListedInSceneOutliner:1 IsMainWorldOnly:0 FolderPath:Lighting FolderGuid:0BA5F0A04EADB18E70D5B180D08FA34B
 |   |   |- Guid:FA5B285E4D6AA9CB58F9AB9193A9C3CE BaseClass: NativeClass:/Script/Landscape.LandscapeStreamingProxy Name:LandscapeStreamingProxy_8A5981RF4J0M8OUXYZ2U1UMB5_30_0_0_0 Label:LandscapeStreamingProxy_0_0_0 SpatiallyLoaded:1 Bounds:IsValid=true, Min=(X=-23860.000 Y=23618.000 Z=5900.000), Max=(X=-20860.000 Y=26618.000 Z=6043.750) RuntimeGrid:None EditorOnly:0 RuntimeOnly:0 HLODRelevant:1 ListedInSceneOutliner:1 IsMainWorldOnly:0
 |   |   |- Guid:FF31E897425BBEAF5E8261B4A33CECA9 BaseClass: NativeClass:/Script/Landscape.Landscape Name:Landscape_UAID_A8A159704B01B10302_1192770821 Label:Landscape SpatiallyLoaded:0 Bounds:IsValid=true, Min=(X=-23860.000 Y=23618.000 Z=5900.000), Max=(X=-23860.000 Y=23618.000 Z=5900.000) RuntimeGrid:None EditorOnly:0 RuntimeOnly:0 HLODRelevant:0 ListedInSceneOutliner:1 IsMainWorldOnly:0
 |   |- [+] Clusters:
 |   |   |- [+] [  0]
 |   |   |   |- Guid:020470D54DF61B07FD069F9406762FDE BaseClass: NativeClass:/Script/Engine.StaticMeshActor Name:StaticMeshActor_UAID_A8A159704B01B80302_2117067065 Label:SM_Scatter_04_D6 SpatiallyLoaded:1 Bounds:IsValid=true, Min=(X=-19722.649 Y=32418.152 Z=6032.125), Max=(X=-19405.511 Y=32733.454 Z=6049.295) RuntimeGrid:None EditorOnly:0 RuntimeOnly:0 HLODRelevant:1 ListedInSceneOutliner:1 IsMainWorldOnly:0 FolderPath:Scatters FolderGuid:B5892DAB43C30B5FB89F719FFFE0BACE
 |   |   |- [+] [  1]
 |   |   |   |- Guid:177C34C9469376FCC1BBDD83A74ED23A BaseClass: NativeClass:/Script/Engine.StaticMeshActor Name:StaticMeshActor_UAID_A8A159704B01B80302_1078343054 Label:Plane3 SpatiallyLoaded:1 Bounds:IsValid=true, Min=(X=-26383.393 Y=26587.141 Z=3999.712), Max=(X=-11383.393 Y=26587.141 Z=8999.712) RuntimeGrid:None EditorOnly:0 RuntimeOnly:0 HLODRelevant:0 ListedInSceneOutliner:1 IsMainWorldOnly:0 FolderPath:Invisible walls FolderGuid:C51F340D44BAF0026BB53C88CE35AC01
 |   |   |- [+] [  2]
 |   |   |   |- Guid:1909693D4499F15E3E6E779200717735 BaseClass: NativeClass:/Script/Engine.LevelInstance Name:LevelInstance_UAID_A8A159704B01B00302_1323661644 Label:Demo SpatiallyLoaded:1 Bounds:IsValid=true, Min=(X=-1655612.421 Y=-1615464.899 Z=-1631312.579), Max=(X=1621187.579 Y=1661335.101 Z=1645487.421) RuntimeGrid:None EditorOnly:0 RuntimeOnly:0 HLODRelevant:0 ListedInSceneOutliner:1 IsMainWorldOnly:0
 |   |   |- [+] [  3]
 |   |   |   |- Guid:1EAE314F47595F2EC374B8BF25B273C8 BaseClass: NativeClass:/Script/Engine.StaticMeshActor Name:StaticMeshActor_UAID_A8A159704B01B60302_2095532698 Label:SM_Scatter_04_C SpatiallyLoaded:1 Bounds:IsValid=true, Min=(X=-18144.046 Y=32655.544 Z=5990.505), Max=(X=-17822.811 Y=33009.386 Z=6030.328) RuntimeGrid:None EditorOnly:0 RuntimeOnly:0 HLODRelevant:1 ListedInSceneOutliner:1 IsMainWorldOnly:0 FolderPath:Scatters FolderGuid:B5892DAB43C30B5FB89F719FFFE0BACE
 |   |   |- [+] [  4]
 |   |   |   |- Guid:21262252453B37957EF29F82ABA2413B BaseClass: NativeClass:/Script/Engine.TextRenderActor Name:TextRenderActor_1 Label:TextRenderActor SpatiallyLoaded:1 Bounds:IsValid=true, Min=(X=-0.100 Y=1100.000 Z=65.013), Max=(X=-0.100 Y=2363.461 Z=215.013) RuntimeGrid:None EditorOnly:0 RuntimeOnly:0 HLODRelevant:0 ListedInSceneOutliner:1 IsMainWorldOnly:0
 |   |   |- [+] [  5]
 |   |   |   |- Guid:254FB6C6426B9B283DB4B38FA57D1BBC BaseClass: NativeClass:/Script/Landscape.LandscapeStreamingProxy Name:LandscapeStreamingProxy_8A5981RF4J0M8OUXYZ2U1UMB5_30_2_2_0 Label:LandscapeStreamingProxy_2_2_0 SpatiallyLoaded:1 Bounds:IsValid=true, Min=(X=-17860.000 Y=29618.000 Z=5900.000), Max=(X=-14860.000 Y=32618.000 Z=6095.312) RuntimeGrid:None EditorOnly:0 RuntimeOnly:0 HLODRelevant:1 ListedInSceneOutliner:1 IsMainWorldOnly:0
 |   |   |- [+] [  6]
 |   |   |   |- Guid:29AEFE2242087AE0D4058383A8889E06 BaseClass: NativeClass:/Script/Landscape.LandscapeStreamingProxy Name:LandscapeStreamingProxy_8A5981RF4J0M8OUXYZ2U1UMB5_30_3_0_0 Label:LandscapeStreamingProxy_3_0_0 SpatiallyLoaded:1 Bounds:IsValid=true, Min=(X=-14860.000 Y=23618.000 Z=5900.000), Max=(X=-11860.000 Y=26618.000 Z=5967.969) RuntimeGrid:None EditorOnly:0 RuntimeOnly:0 HLODRelevant:1 ListedInSceneOutliner:1 IsMainWorldOnly:0
 |   |   |- [+] [  7]
 |   |   |   |- Guid:3734142C4F65ABB6992AF4BACE1CC2D2 BaseClass: NativeClass:/Script/Engine.StaticMeshActor Name:StaticMeshActor_UAID_A8A159704B01B90302_1182918243 Label:SM_Scatter_04_C2 SpatiallyLoaded:1 Bounds:IsValid=true, Min=(X=-18825.084 Y=30161.212 Z=6011.229), Max=(X=-18503.849 Y=30515.054 Z=6051.052) RuntimeGrid:None EditorOnly:0 RuntimeOnly:0 HLODRelevant:1 ListedInSceneOutliner:1 IsMainWorldOnly:0 FolderPath:Scatters FolderGuid:B5892DAB43C30B5FB89F719FFFE0BACE
 |   |   |- [+] [  8]
 |   |   |   |- Guid:3BFBFD7C4E2684585EAB63A95BEECA7D BaseClass: NativeClass:/Script/Engine.StaticMeshActor Name:StaticMeshActor_UAID_A8A159704B01AE0302_1915659288 Label:StaticMeshActor SpatiallyLoaded:1 Bounds:IsValid=true, Min=(X=5323.870 Y=9484.507 Z=-1139.524), Max=(X=5323.870 Y=9484.507 Z=-1139.524) RuntimeGrid:None EditorOnly:0 RuntimeOnly:0 HLODRelevant:0 ListedInSceneOutliner:1 IsMainWorldOnly:0
 |   |   |- [+] [  9]
 |   |   |   |- Guid:444215364B8694439D785A919EA4C1DD BaseClass: NativeClass:/Script/Foliage.InstancedFoliageActor Name:InstancedFoliageActor_25600_-1_1_0 Label:InstancedFoliageActor_-1_1_0 SpatiallyLoaded:1 Bounds:(Editor:IsValid=true, Min=(X=-25600.000 Y=25600.000 Z=0.000), Max=(X=0.000 Y=51200.000 Z=25600.000) Runtime:IsValid=true, Min=(X=-23962.913 Y=25934.257 Z=5846.371), Max=(X=-11690.823 Y=35603.892 Z=6550.314)) RuntimeGrid:None EditorOnly:0 RuntimeOnly:0 HLODRelevant:0 ListedInSceneOutliner:1 IsMainWorldOnly:0
 |   |   |- [+] [ 10]
 |   |   |   |- Guid:488A52B84D466AF0C252EA9E8E7BEA5D BaseClass: NativeClass:/Script/Landscape.LandscapeStreamingProxy Name:LandscapeStreamingProxy_8A5981RF4J0M8OUXYZ2U1UMB5_30_3_2_0 Label:LandscapeStreamingProxy_3_2_0 SpatiallyLoaded:1 Bounds:IsValid=true, Min=(X=-14860.000 Y=29618.000 Z=5900.000), Max=(X=-11860.000 Y=32618.000 Z=6050.000) RuntimeGrid:None EditorOnly:0 RuntimeOnly:0 HLODRelevant:1 ListedInSceneOutliner:1 IsMainWorldOnly:0
 |   |   |- [+] [ 11]
 |   |   |   |- Guid:522E24504A5879B01DDC998A86673C23 BaseClass: NativeClass:/Script/Landscape.LandscapeStreamingProxy Name:LandscapeStreamingProxy_8A5981RF4J0M8OUXYZ2U1UMB5_30_1_3_0 Label:LandscapeStreamingProxy_1_3_0 SpatiallyLoaded:1 Bounds:IsValid=true, Min=(X=-20860.000 Y=32618.000 Z=5966.406), Max=(X=-17860.000 Y=35618.000 Z=6085.156) RuntimeGrid:None EditorOnly:0 RuntimeOnly:0 HLODRelevant:1 ListedInSceneOutliner:1 IsMainWorldOnly:0
 |   |   |- [+] [ 12]
 |   |   |   |- Guid:52F20B6C48FBDADAB67EEB83CDA3D527 BaseClass: NativeClass:/Script/Landscape.LandscapeStreamingProxy Name:LandscapeStreamingProxy_8A5981RF4J0M8OUXYZ2U1UMB5_30_0_3_0 Label:LandscapeStreamingProxy_0_3_0 SpatiallyLoaded:1 Bounds:IsValid=true, Min=(X=-23860.000 Y=32618.000 Z=5900.000), Max=(X=-20860.000 Y=35618.000 Z=6109.375) RuntimeGrid:None EditorOnly:0 RuntimeOnly:0 HLODRelevant:1 ListedInSceneOutliner:1 IsMainWorldOnly:0
 |   |   |- [+] [ 13]
 |   |   |   |- Guid:53D77C3A4E1680ADA0EBB9A8C32AAC81 BaseClass: NativeClass:/Script/Landscape.LandscapeStreamingProxy Name:LandscapeStreamingProxy_8A5981RF4J0M8OUXYZ2U1UMB5_30_3_1_0 Label:LandscapeStreamingProxy_3_1_0 SpatiallyLoaded:1 Bounds:IsValid=true, Min=(X=-14860.000 Y=26618.000 Z=5900.000), Max=(X=-11860.000 Y=29618.000 Z=6049.219) RuntimeGrid:None EditorOnly:0 RuntimeOnly:0 HLODRelevant:1 ListedInSceneOutliner:1 IsMainWorldOnly:0
 |   |   |- [+] [ 14]
 |   |   |   |- Guid:549B59CB4E44F74E38E6EFA270B3A3A0 BaseClass: NativeClass:/Script/Landscape.LandscapeStreamingProxy Name:LandscapeStreamingProxy_8A5981RF4J0M8OUXYZ2U1UMB5_30_2_1_0 Label:LandscapeStreamingProxy_2_1_0 SpatiallyLoaded:1 Bounds:IsValid=true, Min=(X=-17860.000 Y=26618.000 Z=5933.594), Max=(X=-14860.000 Y=29618.000 Z=6162.500) RuntimeGrid:None EditorOnly:0 RuntimeOnly:0 HLODRelevant:1 ListedInSceneOutliner:1 IsMainWorldOnly:0
 |   |   |- [+] [ 15]
 |   |   |   |- Guid:55075F9B4B77C6E4F4135490562A03E6 BaseClass: NativeClass:/Script/Landscape.LandscapeStreamingProxy Name:LandscapeStreamingProxy_8A5981RF4J0M8OUXYZ2U1UMB5_30_2_3_0 Label:LandscapeStreamingProxy_2_3_0 SpatiallyLoaded:1 Bounds:IsValid=true, Min=(X=-17860.000 Y=32618.000 Z=5900.000), Max=(X=-14860.000 Y=35618.000 Z=6005.469) RuntimeGrid:None EditorOnly:0 RuntimeOnly:0 HLODRelevant:1 ListedInSceneOutliner:1 IsMainWorldOnly:0
 |   |   |- [+] [ 16]
 |   |   |   |- Guid:55731B5D409D0BE3529884814B73ED11 BaseClass: NativeClass:/Script/Engine.StaticMeshActor Name:StaticMeshActor_UAID_A8A159704B01B80302_1112816055 Label:Plane4 SpatiallyLoaded:1 Bounds:IsValid=true, Min=(X=-12327.117 Y=23126.191 Z=3968.217), Max=(X=-12327.117 Y=38126.191 Z=8968.217) RuntimeGrid:None EditorOnly:0 RuntimeOnly:0 HLODRelevant:0 ListedInSceneOutliner:1 IsMainWorldOnly:0 FolderPath:Invisible walls FolderGuid:C51F340D44BAF0026BB53C88CE35AC01
 |   |   |- [+] [ 17]
 |   |   |   |- Guid:57ECA0D240450F1C34188588A849D4FB BaseClass: NativeClass:/Script/Engine.StaticMeshActor Name:StaticMeshActor_UAID_A8A159704B01B80302_2134332066 Label:SM_Scatter_04_D7 SpatiallyLoaded:1 Bounds:IsValid=true, Min=(X=-21188.434 Y=32340.511 Z=6059.068), Max=(X=-20871.296 Y=32655.813 Z=6076.238) RuntimeGrid:None EditorOnly:0 RuntimeOnly:0 HLODRelevant:1 ListedInSceneOutliner:1 IsMainWorldOnly:0 FolderPath:Scatters FolderGuid:B5892DAB43C30B5FB89F719FFFE0BACE
 |   |   |- [+] [ 18]
 |   |   |   |- Guid:59AFD4DB43B5C437A58267BC123A3A65 BaseClass: NativeClass:/Script/Landscape.LandscapeStreamingProxy Name:LandscapeStreamingProxy_8A5981RF4J0M8OUXYZ2U1UMB5_30_0_1_0 Label:LandscapeStreamingProxy_0_1_0 SpatiallyLoaded:1 Bounds:IsValid=true, Min=(X=-23860.000 Y=26618.000 Z=5900.000), Max=(X=-20860.000 Y=29618.000 Z=6173.438) RuntimeGrid:None EditorOnly:0 RuntimeOnly:0 HLODRelevant:1 ListedInSceneOutliner:1 IsMainWorldOnly:0
 |   |   |- [+] [ 19]
 |   |   |   |- Guid:5B61B99047299BB93D1A6EA43B967C0A BaseClass: NativeClass:/Script/Engine.StaticMeshActor Name:StaticMeshActor_UAID_A8A159704B01B80302_1949520056 Label:SM_Scatter_04_D SpatiallyLoaded:1 Bounds:IsValid=true, Min=(X=-21188.434 Y=32340.511 Z=6054.135), Max=(X=-20871.296 Y=32655.813 Z=6071.305) RuntimeGrid:None EditorOnly:0 RuntimeOnly:0 HLODRelevant:1 ListedInSceneOutliner:1 IsMainWorldOnly:0 FolderPath:Scatters FolderGuid:B5892DAB43C30B5FB89F719FFFE0BACE
 |   |   |- [+] [ 20]
 |   |   |   |- Guid:5CB5DA224428EC5D10E1C791106857D7 BaseClass: NativeClass:/Script/Engine.StaticMeshActor Name:StaticMeshActor_UAID_A8A159704B01B80302_2075516062 Label:SM_Scatter_04_D2 SpatiallyLoaded:1 Bounds:IsValid=true, Min=(X=-21774.091 Y=33031.977 Z=6054.135), Max=(X=-21456.953 Y=33347.279 Z=6071.305) RuntimeGrid:None EditorOnly:0 RuntimeOnly:0 HLODRelevant:1 ListedInSceneOutliner:1 IsMainWorldOnly:0 FolderPath:Scatters FolderGuid:B5892DAB43C30B5FB89F719FFFE0BACE
 |   |   |- [+] [ 21]
 |   |   |   |- Guid:5FE7584649BB6F09265329A6C57CFD0D BaseClass: NativeClass:/Script/Engine.VolumetricCloud Name:VolumetricCloud_0 Label:VolumetricCloud SpatiallyLoaded:0 Bounds:IsValid=true, Min=(X=0.000 Y=0.000 Z=820.000), Max=(X=0.000 Y=0.000 Z=820.000) RuntimeGrid:None EditorOnly:0 RuntimeOnly:0 HLODRelevant:0 ListedInSceneOutliner:1 IsMainWorldOnly:0 FolderPath:Lighting FolderGuid:0BA5F0A04EADB18E70D5B180D08FA34B
 |   |   |- [+] [ 22]
 |   |   |   |- Guid:61391D344900612A77DFC3BA3E354907 BaseClass: NativeClass:/Script/Engine.ExponentialHeightFog Name:ExponentialHeightFog_0 Label:ExponentialHeightFog SpatiallyLoaded:0 Bounds:IsValid=true, Min=(X=-5600.000 Y=-50.000 Z=-6850.000), Max=(X=-5600.000 Y=-50.000 Z=-6850.000) RuntimeGrid:None EditorOnly:0 RuntimeOnly:0 HLODRelevant:0 ListedInSceneOutliner:1 IsMainWorldOnly:0 FolderPath:Lighting FolderGuid:0BA5F0A04EADB18E70D5B180D08FA34B
 |   |   |- [+] [ 23]
 |   |   |   |- Guid:6FEFB3BD4EB37B849EF0D4AC80F83855 BaseClass: NativeClass:/Script/Engine.WorldDataLayers Name:WorldDataLayers Label:WorldDataLayers SpatiallyLoaded:0 Bounds:IsValid=true, Min=(X=0.000 Y=0.000 Z=0.000), Max=(X=0.000 Y=0.000 Z=0.000) RuntimeGrid:None EditorOnly:0 RuntimeOnly:0 HLODRelevant:0 ListedInSceneOutliner:1 IsMainWorldOnly:1
 |   |   |- [+] [ 24]
 |   |   |   |- Guid:71DC50D0424112D783474F8D5CBBD92C BaseClass: NativeClass:/Script/Engine.StaticMeshActor Name:StaticMeshActor_UAID_A8A159704B01B80302_2057096061 Label:SM_Scatter_04_D3 SpatiallyLoaded:1 Bounds:IsValid=true, Min=(X=-20676.058 Y=32340.511 Z=6048.248), Max=(X=-20358.920 Y=32655.813 Z=6065.418) RuntimeGrid:None EditorOnly:0 RuntimeOnly:0 HLODRelevant:1 ListedInSceneOutliner:1 IsMainWorldOnly:0 FolderPath:Scatters FolderGuid:B5892DAB43C30B5FB89F719FFFE0BACE
 |   |   |- [+] [ 25]
 |   |   |   |- Guid:72276C4D481EFA38956C84A831837C6A BaseClass: NativeClass:/Script/Landscape.LandscapeStreamingProxy Name:LandscapeStreamingProxy_8A5981RF4J0M8OUXYZ2U1UMB5_30_1_2_0 Label:LandscapeStreamingProxy_1_2_0 SpatiallyLoaded:1 Bounds:IsValid=true, Min=(X=-20860.000 Y=29618.000 Z=5938.281), Max=(X=-17860.000 Y=32618.000 Z=6164.062) RuntimeGrid:None EditorOnly:0 RuntimeOnly:0 HLODRelevant:1 ListedInSceneOutliner:1 IsMainWorldOnly:0
 |   |   |- [+] [ 26]
 |   |   |   |- Guid:83D4014B47DD23ABBF8B599748254806 BaseClass: NativeClass:/Script/Landscape.LandscapeStreamingProxy Name:LandscapeStreamingProxy_8A5981RF4J0M8OUXYZ2U1UMB5_30_1_0_0 Label:LandscapeStreamingProxy_1_0_0 SpatiallyLoaded:1 Bounds:IsValid=true, Min=(X=-20860.000 Y=23618.000 Z=5900.000), Max=(X=-17860.000 Y=26618.000 Z=6092.188) RuntimeGrid:None EditorOnly:0 RuntimeOnly:0 HLODRelevant:1 ListedInSceneOutliner:1 IsMainWorldOnly:0
 |   |   |- [+] [ 27]
 |   |   |   |- Guid:8831F27846003C1A9310B081E17E7930 BaseClass: NativeClass:/Script/Landscape.LandscapeStreamingProxy Name:LandscapeStreamingProxy_8A5981RF4J0M8OUXYZ2U1UMB5_30_3_3_0 Label:LandscapeStreamingProxy_3_3_0 SpatiallyLoaded:1 Bounds:IsValid=true, Min=(X=-14860.000 Y=32618.000 Z=5900.000), Max=(X=-11860.000 Y=35618.000 Z=5936.719) RuntimeGrid:None EditorOnly:0 RuntimeOnly:0 HLODRelevant:1 ListedInSceneOutliner:1 IsMainWorldOnly:0
 |   |   |- [+] [ 28]
 |   |   |   |- Guid:97378D4841C1E6C7E92437BE7556E195 BaseClass: NativeClass:/Script/Engine.StaticMeshActor Name:StaticMeshActor_UAID_A8A159704B01B70302_2073234876 Label:Plane2 SpatiallyLoaded:1 Bounds:IsValid=true, Min=(X=-23167.993 Y=23126.191 Z=3968.217), Max=(X=-23167.993 Y=38126.191 Z=8968.217) RuntimeGrid:None EditorOnly:0 RuntimeOnly:0 HLODRelevant:0 ListedInSceneOutliner:1 IsMainWorldOnly:0 FolderPath:Invisible walls FolderGuid:C51F340D44BAF0026BB53C88CE35AC01
 |   |   |- [+] [ 29]
 |   |   |   |- Guid:A354B1B24E617A525DC6B48CCDE2417E BaseClass: NativeClass:/Script/Engine.PlayerStart Name:PlayerStart_0 Label:PlayerStart SpatiallyLoaded:0 Bounds:IsValid=true, Min=(X=-16228.452 Y=27893.206 Z=6164.972), Max=(X=-16148.452 Y=27973.206 Z=6348.972) RuntimeGrid:None EditorOnly:0 RuntimeOnly:0 HLODRelevant:0 ListedInSceneOutliner:1 IsMainWorldOnly:0
 |   |   |- [+] [ 30]
 |   |   |   |- Guid:B5EAFA2543CEDD6CF520C794DCDA61E5 BaseClass: NativeClass:/Script/Landscape.LandscapeStreamingProxy Name:LandscapeStreamingProxy_8A5981RF4J0M8OUXYZ2U1UMB5_30_2_0_0 Label:LandscapeStreamingProxy_2_0_0 SpatiallyLoaded:1 Bounds:IsValid=true, Min=(X=-17860.000 Y=23618.000 Z=5900.000), Max=(X=-14860.000 Y=26618.000 Z=6121.875) RuntimeGrid:None EditorOnly:0 RuntimeOnly:0 HLODRelevant:1 ListedInSceneOutliner:1 IsMainWorldOnly:0
 |   |   |- [+] [ 31]
 |   |   |   |- Guid:B73BE24748D8FE692F283CAF80421205 BaseClass: NativeClass:/Script/Engine.StaticMeshActor Name:StaticMeshActor_UAID_A8A159704B01B80302_2092968063 Label:SM_Scatter_04_D4 SpatiallyLoaded:1 Bounds:IsValid=true, Min=(X=-20970.225 Y=31382.001 Z=6040.496), Max=(X=-20653.087 Y=31697.303 Z=6057.666) RuntimeGrid:None EditorOnly:0 RuntimeOnly:0 HLODRelevant:1 ListedInSceneOutliner:1 IsMainWorldOnly:0 FolderPath:Scatters FolderGuid:B5892DAB43C30B5FB89F719FFFE0BACE
 |   |   |- [+] [ 32]
 |   |   |   |- Guid:BAD4F984480A9A4A71F0D59689AD05B2 BaseClass: NativeClass:/Script/Landscape.LandscapeStreamingProxy Name:LandscapeStreamingProxy_8A5981RF4J0M8OUXYZ2U1UMB5_30_1_1_0 Label:LandscapeStreamingProxy_1_1_0 SpatiallyLoaded:1 Bounds:IsValid=true, Min=(X=-20860.000 Y=26618.000 Z=6042.969), Max=(X=-17860.000 Y=29618.000 Z=6172.656) RuntimeGrid:None EditorOnly:0 RuntimeOnly:0 HLODRelevant:1 ListedInSceneOutliner:1 IsMainWorldOnly:0
 |   |   |- [+] [ 33]
 |   |   |   |- Guid:C0C56B9644AE3D40CAFF6A878DB29844 BaseClass: NativeClass:/Script/Engine.StaticMeshActor Name:StaticMeshActor_UAID_A4AE111137DC5EFB00_2001720423 Label:SM_SkySphere SpatiallyLoaded:0 Bounds:IsValid=true, Min=(X=-1638400.000 Y=-1638400.000 Z=-1638400.000), Max=(X=1638400.000 Y=1638400.000 Z=1638400.000) RuntimeGrid:None EditorOnly:0 RuntimeOnly:0 HLODRelevant:1 ListedInSceneOutliner:1 IsMainWorldOnly:0 FolderPath:Lighting FolderGuid:0BA5F0A04EADB18E70D5B180D08FA34B
 |   |   |- [+] [ 34]
 |   |   |   |- Guid:C22CE07C4B87D685137FDBBC10FC92C6 BaseClass: NativeClass:/Script/Engine.SkyAtmosphere Name:SkyAtmosphere_0 Label:SkyAtmosphere SpatiallyLoaded:0 Bounds:IsValid=true, Min=(X=0.000 Y=0.000 Z=1020.000), Max=(X=0.000 Y=0.000 Z=1020.000) RuntimeGrid:None EditorOnly:0 RuntimeOnly:0 HLODRelevant:0 ListedInSceneOutliner:1 IsMainWorldOnly:0 FolderPath:Lighting FolderGuid:0BA5F0A04EADB18E70D5B180D08FA34B
 |   |   |- [+] [ 35]
 |   |   |   |- Guid:CE8D82634660FCDB3120E2B8D547C533 BaseClass: NativeClass:/Script/Engine.PostProcessVolume Name:PostProcessVolume_0 Label:PostProcessVolume SpatiallyLoaded:0 Bounds:IsValid=true, Min=(X=0.000 Y=0.000 Z=400.000), Max=(X=200.000 Y=200.000 Z=600.000) RuntimeGrid:None EditorOnly:0 RuntimeOnly:0 HLODRelevant:0 ListedInSceneOutliner:1 IsMainWorldOnly:0 FolderPath:Lighting FolderGuid:0BA5F0A04EADB18E70D5B180D08FA34B
 |   |   |- [+] [ 36]
 |   |   |   |- Guid:D6B51FEF4E5DA8164FC9C2A7CE5F28B5 BaseClass: NativeClass:/Script/Landscape.LandscapeStreamingProxy Name:LandscapeStreamingProxy_8A5981RF4J0M8OUXYZ2U1UMB5_30_0_2_0 Label:LandscapeStreamingProxy_0_2_0 SpatiallyLoaded:1 Bounds:IsValid=true, Min=(X=-23860.000 Y=29618.000 Z=5928.125), Max=(X=-20860.000 Y=32618.000 Z=6173.438) RuntimeGrid:None EditorOnly:0 RuntimeOnly:0 HLODRelevant:1 ListedInSceneOutliner:1 IsMainWorldOnly:0
 |   |   |- [+] [ 37]
 |   |   |   |- Guid:E5320C1B4FD9764CE7B54D8487AEC613 BaseClass: NativeClass:/Script/Engine.SkyLight Name:SkyLight_0 Label:SkyLight SpatiallyLoaded:0 Bounds:IsValid=true, Min=(X=0.000 Y=0.000 Z=690.000), Max=(X=0.000 Y=0.000 Z=690.000) RuntimeGrid:None EditorOnly:0 RuntimeOnly:0 HLODRelevant:0 ListedInSceneOutliner:1 IsMainWorldOnly:0 FolderPath:Lighting FolderGuid:0BA5F0A04EADB18E70D5B180D08FA34B
 |   |   |- [+] [ 38]
 |   |   |   |- Guid:EA37474E40A927D00AC813A5040492E4 BaseClass: NativeClass:/Script/Engine.StaticMeshActor Name:StaticMeshActor_UAID_A8A159704B01B70302_1894753875 Label:Plane SpatiallyLoaded:1 Bounds:IsValid=true, Min=(X=-26383.393 Y=35336.207 Z=3999.712), Max=(X=-11383.393 Y=35336.207 Z=8999.712) RuntimeGrid:None EditorOnly:0 RuntimeOnly:0 HLODRelevant:0 ListedInSceneOutliner:1 IsMainWorldOnly:0 FolderPath:Invisible walls FolderGuid:C51F340D44BAF0026BB53C88CE35AC01
 |   |   |- [+] [ 39]
 |   |   |   |- Guid:F80621C9446867154938FE81375207DA BaseClass: NativeClass:/Script/Engine.DirectionalLight Name:DirectionalLight_1 Label:DirectionalLight SpatiallyLoaded:0 Bounds:IsValid=true, Min=(X=-1048576.000 Y=-1048576.000 Z=-1048576.000), Max=(X=1048576.000 Y=1048576.000 Z=1048576.000) RuntimeGrid:None EditorOnly:0 RuntimeOnly:0 HLODRelevant:0 ListedInSceneOutliner:1 IsMainWorldOnly:0 FolderPath:Lighting FolderGuid:0BA5F0A04EADB18E70D5B180D08FA34B
 |   |   |- [+] [ 40]
 |   |   |   |- Guid:FA5B285E4D6AA9CB58F9AB9193A9C3CE BaseClass: NativeClass:/Script/Landscape.LandscapeStreamingProxy Name:LandscapeStreamingProxy_8A5981RF4J0M8OUXYZ2U1UMB5_30_0_0_0 Label:LandscapeStreamingProxy_0_0_0 SpatiallyLoaded:1 Bounds:IsValid=true, Min=(X=-23860.000 Y=23618.000 Z=5900.000), Max=(X=-20860.000 Y=26618.000 Z=6043.750) RuntimeGrid:None EditorOnly:0 RuntimeOnly:0 HLODRelevant:1 ListedInSceneOutliner:1 IsMainWorldOnly:0
 |   |   |- [+] [ 41]
 |   |   |   |- Guid:FF31E897425BBEAF5E8261B4A33CECA9 BaseClass: NativeClass:/Script/Landscape.Landscape Name:Landscape_UAID_A8A159704B01B10302_1192770821 Label:Landscape SpatiallyLoaded:0 Bounds:IsValid=true, Min=(X=-23860.000 Y=23618.000 Z=5900.000), Max=(X=-23860.000 Y=23618.000 Z=5900.000) RuntimeGrid:None EditorOnly:0 RuntimeOnly:0 HLODRelevant:0 ListedInSceneOutliner:1 IsMainWorldOnly:0
 |- ContainerInstances:
 |- [+] MainContainer:
 |   |-        ID: 00000000000000000000000000000000
 |   |-  ParentID: 00000000000000000000000000000000
 |   |-    Bounds: IsValid=false, Min=(X=0.000 Y=0.000 Z=0.000), Max=(X=0.000 Y=0.000 Z=0.000)
 |   |- Transform: 0.000000,0.000000,0.000000|0.000000,0.000000,-0.000000|1.000000,1.000000,1.000000
 |   |- Container: /Game/FirstPerson/Maps/FirstPersonMap
----------------------------------------------------------------------------------------------------------------
FirstPersonMap - Persistent Level
----------------------------------------------------------------------------------------------------------------
[+] Content of FirstPersonMap Persistent Level
 |- Always loaded Actor Count: 42 
 |- Actor Path: /Game/FirstPerson/Maps/FirstPersonMap.FirstPersonMap:PersistentLevel.DirectionalLight_1
 |- Actor Package: /Game/__ExternalActors__/FirstPerson/Maps/FirstPersonMap/0/WB/V4ALNTJYOVWM8BU452CKV5
 |- Actor Path: /Game/FirstPerson/Maps/FirstPersonMap.FirstPersonMap:PersistentLevel.ExponentialHeightFog_0
 |- Actor Package: /Game/__ExternalActors__/FirstPerson/Maps/FirstPersonMap/0/CL/381LM03PFI8AF9NED1SEV2
 |- Actor Path: /Game/FirstPerson/Maps/FirstPersonMap.FirstPersonMap:PersistentLevel.InstancedFoliageActor_25600_-1_1_0
 |- Actor Package: /Game/__ExternalActors__/FirstPerson/Maps/FirstPersonMap/7/EK/XIAN2CB2HI8GFP2TDL1CRW
 |- Actor Path: /Game/FirstPerson/Maps/FirstPersonMap.FirstPersonMap:PersistentLevel.Landscape_UAID_A8A159704B01B10302_1192770821
 |- Actor Package: /Game/__ExternalActors__/FirstPerson/Maps/FirstPersonMap/6/BH/M55FGENFQ480YDLFLDP0L6
 |- Actor Path: /Game/FirstPerson/Maps/FirstPersonMap.FirstPersonMap:PersistentLevel.LandscapeStreamingProxy_8A5981RF4J0M8OUXYZ2U1UMB5_30_0_0_0
 |- Actor Package: /Game/__ExternalActors__/FirstPerson/Maps/FirstPersonMap/1/DV/M2QNB1RLXWPIWITGIR1AQO
 |- Actor Path: /Game/FirstPerson/Maps/FirstPersonMap.FirstPersonMap:PersistentLevel.LandscapeStreamingProxy_8A5981RF4J0M8OUXYZ2U1UMB5_30_0_1_0
 |- Actor Package: /Game/__ExternalActors__/FirstPerson/Maps/FirstPersonMap/0/VT/D81KDCN0MGBKDI6F7Y56WG
 |- Actor Path: /Game/FirstPerson/Maps/FirstPersonMap.FirstPersonMap:PersistentLevel.LandscapeStreamingProxy_8A5981RF4J0M8OUXYZ2U1UMB5_30_0_2_0
 |- Actor Package: /Game/__ExternalActors__/FirstPerson/Maps/FirstPersonMap/0/JN/EJALRGYHJT2TBRPQOK7JKB
 |- Actor Path: /Game/FirstPerson/Maps/FirstPersonMap.FirstPersonMap:PersistentLevel.LandscapeStreamingProxy_8A5981RF4J0M8OUXYZ2U1UMB5_30_0_3_0
 |- Actor Package: /Game/__ExternalActors__/FirstPerson/Maps/FirstPersonMap/E/DY/EEUDHJJQN3KHSUSRFYAR5F
 |- Actor Path: /Game/FirstPerson/Maps/FirstPersonMap.FirstPersonMap:PersistentLevel.LandscapeStreamingProxy_8A5981RF4J0M8OUXYZ2U1UMB5_30_1_0_0
 |- Actor Package: /Game/__ExternalActors__/FirstPerson/Maps/FirstPersonMap/7/R1/RR5QQV1HYODBKHXTG0ATDQ
 |- Actor Path: /Game/FirstPerson/Maps/FirstPersonMap.FirstPersonMap:PersistentLevel.LandscapeStreamingProxy_8A5981RF4J0M8OUXYZ2U1UMB5_30_1_1_0
 |- Actor Package: /Game/__ExternalActors__/FirstPerson/Maps/FirstPersonMap/0/SF/V9B74ZW7TSMRYUTZTKAGJI
 |- Actor Path: /Game/FirstPerson/Maps/FirstPersonMap.FirstPersonMap:PersistentLevel.LandscapeStreamingProxy_8A5981RF4J0M8OUXYZ2U1UMB5_30_1_2_0
 |- Actor Package: /Game/__ExternalActors__/FirstPerson/Maps/FirstPersonMap/5/V9/Q3ZFEZ2TP415VW2BMAUBWO
 |- Actor Path: /Game/FirstPerson/Maps/FirstPersonMap.FirstPersonMap:PersistentLevel.LandscapeStreamingProxy_8A5981RF4J0M8OUXYZ2U1UMB5_30_1_3_0
 |- Actor Package: /Game/__ExternalActors__/FirstPerson/Maps/FirstPersonMap/C/KV/B03YB87LLZ575AVJQD5VVY
 |- Actor Path: /Game/FirstPerson/Maps/FirstPersonMap.FirstPersonMap:PersistentLevel.LandscapeStreamingProxy_8A5981RF4J0M8OUXYZ2U1UMB5_30_2_0_0
 |- Actor Package: /Game/__ExternalActors__/FirstPerson/Maps/FirstPersonMap/5/VY/9RYTP8IPP49ZK8HMC2TCE3
 |- Actor Path: /Game/FirstPerson/Maps/FirstPersonMap.FirstPersonMap:PersistentLevel.LandscapeStreamingProxy_8A5981RF4J0M8OUXYZ2U1UMB5_30_2_1_0
 |- Actor Package: /Game/__ExternalActors__/FirstPerson/Maps/FirstPersonMap/5/VV/KXEGPIG2OWLLSQ2EMC3SL7
 |- Actor Path: /Game/FirstPerson/Maps/FirstPersonMap.FirstPersonMap:PersistentLevel.LandscapeStreamingProxy_8A5981RF4J0M8OUXYZ2U1UMB5_30_2_2_0
 |- Actor Package: /Game/__ExternalActors__/FirstPerson/Maps/FirstPersonMap/D/XT/MMRG2LNPD4BPQS31GOCBRG
 |- Actor Path: /Game/FirstPerson/Maps/FirstPersonMap.FirstPersonMap:PersistentLevel.LandscapeStreamingProxy_8A5981RF4J0M8OUXYZ2U1UMB5_30_2_3_0
 |- Actor Package: /Game/__ExternalActors__/FirstPerson/Maps/FirstPersonMap/E/B5/YDDRWBZC1GNIOW9847601Q
 |- Actor Path: /Game/FirstPerson/Maps/FirstPersonMap.FirstPersonMap:PersistentLevel.LandscapeStreamingProxy_8A5981RF4J0M8OUXYZ2U1UMB5_30_3_0_0
 |- Actor Package: /Game/__ExternalActors__/FirstPerson/Maps/FirstPersonMap/9/TX/UGJDFNNOBFN03B8JHTA8AY
 |- Actor Path: /Game/FirstPerson/Maps/FirstPersonMap.FirstPersonMap:PersistentLevel.LandscapeStreamingProxy_8A5981RF4J0M8OUXYZ2U1UMB5_30_3_1_0
 |- Actor Package: /Game/__ExternalActors__/FirstPerson/Maps/FirstPersonMap/4/OM/RHN9D6TVHQV1DKT2PP2FHY
 |- Actor Path: /Game/FirstPerson/Maps/FirstPersonMap.FirstPersonMap:PersistentLevel.LandscapeStreamingProxy_8A5981RF4J0M8OUXYZ2U1UMB5_30_3_2_0
 |- Actor Package: /Game/__ExternalActors__/FirstPerson/Maps/FirstPersonMap/F/4X/HHOG387PL0NRAH8IJ8QALI
 |- Actor Path: /Game/FirstPerson/Maps/FirstPersonMap.FirstPersonMap:PersistentLevel.LandscapeStreamingProxy_8A5981RF4J0M8OUXYZ2U1UMB5_30_3_3_0
 |- Actor Package: /Game/__ExternalActors__/FirstPerson/Maps/FirstPersonMap/6/1D/1ICCKQYDAFTJ5VU5WYAGUS
 |- Actor Path: /Game/FirstPerson/Maps/FirstPersonMap.FirstPersonMap:PersistentLevel.LevelInstance_UAID_A8A159704B01B00302_1323661644
 |- Actor Package: /Game/__ExternalActors__/FirstPerson/Maps/FirstPersonMap/2/GA/4YBGAMCNTCZ79VARYMIM0F
 |- Actor Path: /Game/FirstPerson/Maps/FirstPersonMap.FirstPersonMap:PersistentLevel.PlayerStart_0
 |- Actor Package: /Game/__ExternalActors__/FirstPerson/Maps/FirstPersonMap/8/Z7/W1SXRCM1KAKBJOIZDLHZ47
 |- Actor Path: /Game/FirstPerson/Maps/FirstPersonMap.FirstPersonMap:PersistentLevel.PostProcessVolume_0
 |- Actor Package: /Game/__ExternalActors__/FirstPerson/Maps/FirstPersonMap/E/MX/R1GV431P5FDO08OFULRA01
 |- Actor Path: /Game/FirstPerson/Maps/FirstPersonMap.FirstPersonMap:PersistentLevel.SkyAtmosphere_0
 |- Actor Package: /Game/__ExternalActors__/FirstPerson/Maps/FirstPersonMap/C/VO/VMN4G7K3NKKV6F8HTPHHDB
 |- Actor Path: /Game/FirstPerson/Maps/FirstPersonMap.FirstPersonMap:PersistentLevel.SkyLight_0
 |- Actor Package: /Game/__ExternalActors__/FirstPerson/Maps/FirstPersonMap/6/0Z/5RQIHCZ9W3UXRGL4LTLQAK
 |- Actor Path: /Game/FirstPerson/Maps/FirstPersonMap.FirstPersonMap:PersistentLevel.StaticMeshActor_UAID_A4AE111137DC5EFB00_2001720423
 |- Actor Package: /Game/__ExternalActors__/FirstPerson/Maps/FirstPersonMap/C/ZU/PDQ0AB8RLNMVID876FD49G
 |- Actor Path: /Game/FirstPerson/Maps/FirstPersonMap.FirstPersonMap:PersistentLevel.StaticMeshActor_UAID_A8A159704B01AE0302_1915659288
 |- Actor Package: /Game/__ExternalActors__/FirstPerson/Maps/FirstPersonMap/4/AO/2XMVHFTTDU2Y0UZZWBZX21
 |- Actor Path: /Game/FirstPerson/Maps/FirstPersonMap.FirstPersonMap:PersistentLevel.StaticMeshActor_UAID_A8A159704B01B60302_2095532698
 |- Actor Package: /Game/__ExternalActors__/FirstPerson/Maps/FirstPersonMap/6/7R/MXCY7SRV1BMZ2L9PFBOPAY
 |- Actor Path: /Game/FirstPerson/Maps/FirstPersonMap.FirstPersonMap:PersistentLevel.StaticMeshActor_UAID_A8A159704B01B70302_1894753875
 |- Actor Package: /Game/__ExternalActors__/FirstPerson/Maps/FirstPersonMap/0/UC/UJICLQOYJ04R2LVWUTM4Y1
 |- Actor Path: /Game/FirstPerson/Maps/FirstPersonMap.FirstPersonMap:PersistentLevel.StaticMeshActor_UAID_A8A159704B01B70302_2073234876
 |- Actor Package: /Game/__ExternalActors__/FirstPerson/Maps/FirstPersonMap/0/JZ/KYZK30HJ6X7XUZ6FSV56ND
 |- Actor Path: /Game/FirstPerson/Maps/FirstPersonMap.FirstPersonMap:PersistentLevel.StaticMeshActor_UAID_A8A159704B01B80302_1078343054
 |- Actor Package: /Game/__ExternalActors__/FirstPerson/Maps/FirstPersonMap/3/ML/3B7HB0K4TQZDSZA36VOQLG
 |- Actor Path: /Game/FirstPerson/Maps/FirstPersonMap.FirstPersonMap:PersistentLevel.StaticMeshActor_UAID_A8A159704B01B80302_1112816055
 |- Actor Package: /Game/__ExternalActors__/FirstPerson/Maps/FirstPersonMap/D/CO/PONHMX10JADZWZR9C0N3X6
 |- Actor Path: /Game/FirstPerson/Maps/FirstPersonMap.FirstPersonMap:PersistentLevel.StaticMeshActor_UAID_A8A159704B01B80302_1949520056
 |- Actor Package: /Game/__ExternalActors__/FirstPerson/Maps/FirstPersonMap/9/YR/Q2VXNN707HG35EU8E9H1OZ
 |- Actor Path: /Game/FirstPerson/Maps/FirstPersonMap.FirstPersonMap:PersistentLevel.StaticMeshActor_UAID_A8A159704B01B80302_2057096061
 |- Actor Package: /Game/__ExternalActors__/FirstPerson/Maps/FirstPersonMap/6/4S/MDOTZQBX6NL6A9T26K0D2Q
 |- Actor Path: /Game/FirstPerson/Maps/FirstPersonMap.FirstPersonMap:PersistentLevel.StaticMeshActor_UAID_A8A159704B01B80302_2075516062
 |- Actor Package: /Game/__ExternalActors__/FirstPerson/Maps/FirstPersonMap/4/ER/1KMWJ9DNSWS4SZKOPQF62I
 |- Actor Path: /Game/FirstPerson/Maps/FirstPersonMap.FirstPersonMap:PersistentLevel.StaticMeshActor_UAID_A8A159704B01B80302_2092968063
 |- Actor Package: /Game/__ExternalActors__/FirstPerson/Maps/FirstPersonMap/B/Y2/IBEO9XH8CLZPQB1SN5AEHC
 |- Actor Path: /Game/FirstPerson/Maps/FirstPersonMap.FirstPersonMap:PersistentLevel.StaticMeshActor_UAID_A8A159704B01B80302_2117067065
 |- Actor Package: /Game/__ExternalActors__/FirstPerson/Maps/FirstPersonMap/6/JV/JS31LF3DH0H1291PG37VAF
 |- Actor Path: /Game/FirstPerson/Maps/FirstPersonMap.FirstPersonMap:PersistentLevel.StaticMeshActor_UAID_A8A159704B01B80302_2134332066
 |- Actor Package: /Game/__ExternalActors__/FirstPerson/Maps/FirstPersonMap/4/N6/6BAWJB6JMZJEQ4HS25C3LL
 |- Actor Path: /Game/FirstPerson/Maps/FirstPersonMap.FirstPersonMap:PersistentLevel.StaticMeshActor_UAID_A8A159704B01B90302_1182918243
 |- Actor Package: /Game/__ExternalActors__/FirstPerson/Maps/FirstPersonMap/8/T5/XV0Z89CZOBYVYX1YH3E683
 |- Actor Path: /Game/FirstPerson/Maps/FirstPersonMap.FirstPersonMap:PersistentLevel.TextRenderActor_1
 |- Actor Package: /Game/__ExternalActors__/FirstPerson/Maps/FirstPersonMap/1/RN/55P1SMQLAF7OK6300D5I8N
 |- Actor Path: /Game/FirstPerson/Maps/FirstPersonMap.FirstPersonMap:PersistentLevel.VolumetricCloud_0
 |- Actor Package: /Game/__ExternalActors__/FirstPerson/Maps/FirstPersonMap/0/GO/I8WEFD3RY9V3NVQLSU6QM4
 |- Actor Path: /Game/FirstPerson/Maps/FirstPersonMap.FirstPersonMap:PersistentLevel.WorldDataLayers
 |- Actor Package: /Game/__ExternalActors__/FirstPerson/Maps/FirstPersonMap/D/0W/E1FKEGVKGOLM7HGLQPCIPO

----------------------------------------------------------------------------------------------------------------
FirstPersonMap - Runtime Hash Set
----------------------------------------------------------------------------------------------------------------

