[+] Containers:
 |- [+] Container: /Game/FirstPerson/Maps/FirstPersonMap
 |   |- [+] ActorDescs:
 |   |   |- Guid:177C34C9469376FCC1BBDD83A74ED23A BaseClass: NativeClass:/Script/Engine.StaticMeshActor Name:StaticMeshActor_UAID_A8A159704B01B80302_1078343054 Label:Plane3 SpatiallyLoaded:1 Bounds:IsValid=true, Min=(X=-26383.393 Y=26807.600 Z=3999.712), Max=(X=-11383.393 Y=26807.600 Z=8999.712) RuntimeGrid:None EditorOnly:0 RuntimeOnly:0 HLODRelevant:0 ListedInSceneOutliner:1 IsMainWorldOnly:0 FolderPath:Invisible walls FolderGuid:C51F340D44BAF0026BB53C88CE35AC01
 |   |   |- Guid:1909693D4499F15E3E6E779200717735 BaseClass: NativeClass:/Script/Engine.LevelInstance Name:LevelInstance_UAID_A8A159704B01B00302_1323661644 Label:Demo SpatiallyLoaded:1 Bounds:IsValid=true, Min=(X=-1655612.421 Y=-1615464.899 Z=-1631312.579), Max=(X=1621187.579 Y=1661335.101 Z=1645487.421) RuntimeGrid:None EditorOnly:0 RuntimeOnly:0 HLODRelevant:0 ListedInSceneOutliner:1 IsMainWorldOnly:0
 |   |   |- Guid:21262252453B37957EF29F82ABA2413B BaseClass: NativeClass:/Script/Engine.TextRenderActor Name:TextRenderActor_1 Label:TextRenderActor SpatiallyLoaded:1 Bounds:IsValid=true, Min=(X=-0.100 Y=1100.000 Z=65.013), Max=(X=-0.100 Y=2363.461 Z=215.013) RuntimeGrid:None EditorOnly:0 RuntimeOnly:0 HLODRelevant:0 ListedInSceneOutliner:1 IsMainWorldOnly:0
 |   |   |- Guid:254FB6C6426B9B283DB4B38FA57D1BBC BaseClass: NativeClass:/Script/Landscape.LandscapeStreamingProxy Name:LandscapeStreamingProxy_8A5981RF4J0M8OUXYZ2U1UMB5_30_2_2_0 Label:LandscapeStreamingProxy_2_2_0 SpatiallyLoaded:1 Bounds:IsValid=true, Min=(X=-17860.000 Y=29618.000 Z=5900.000), Max=(X=-14860.000 Y=32618.000 Z=6095.312) RuntimeGrid:None EditorOnly:0 RuntimeOnly:0 HLODRelevant:1 ListedInSceneOutliner:1 IsMainWorldOnly:0
 |   |   |- Guid:25E501B74CEBA4C8563CD6ADAFAAEB95 BaseClass: NativeClass:/Script/Engine.AmbientSound Name:AmbientSound_UAID_A8A159704B014F0502_1645150679 Label:DoomMusic SpatiallyLoaded:1 Bounds:IsValid=true, Min=(X=-15428.934 Y=27708.897 Z=6074.111), Max=(X=-15428.934 Y=27708.897 Z=6074.111) RuntimeGrid:None EditorOnly:0 RuntimeOnly:0 HLODRelevant:0 ListedInSceneOutliner:1 IsMainWorldOnly:0
 |   |   |- Guid:29AEFE2242087AE0D4058383A8889E06 BaseClass: NativeClass:/Script/Landscape.LandscapeStreamingProxy Name:LandscapeStreamingProxy_8A5981RF4J0M8OUXYZ2U1UMB5_30_3_0_0 Label:LandscapeStreamingProxy_3_0_0 SpatiallyLoaded:1 Bounds:IsValid=true, Min=(X=-14860.000 Y=23618.000 Z=5900.000), Max=(X=-11860.000 Y=26618.000 Z=5967.969) RuntimeGrid:None EditorOnly:0 RuntimeOnly:0 HLODRelevant:1 ListedInSceneOutliner:1 IsMainWorldOnly:0
 |   |   |- Guid:488A52B84D466AF0C252EA9E8E7BEA5D BaseClass: NativeClass:/Script/Landscape.LandscapeStreamingProxy Name:LandscapeStreamingProxy_8A5981RF4J0M8OUXYZ2U1UMB5_30_3_2_0 Label:LandscapeStreamingProxy_3_2_0 SpatiallyLoaded:1 Bounds:IsValid=true, Min=(X=-14860.000 Y=29618.000 Z=5900.000), Max=(X=-11860.000 Y=32618.000 Z=6050.000) RuntimeGrid:None EditorOnly:0 RuntimeOnly:0 HLODRelevant:1 ListedInSceneOutliner:1 IsMainWorldOnly:0
 |   |   |- Guid:4C550D474E2FDC899C3276B3804A935A BaseClass: NativeClass:/Script/NavigationSystem.RecastNavMesh Name:RecastNavMesh_UAID_7C8AE1A23E3B640402-Default Label:RecastNavMesh-Default SpatiallyLoaded:0 Bounds:IsValid=true, Min=(X=0.000 Y=0.000 Z=0.000), Max=(X=0.000 Y=0.000 Z=0.000) RuntimeGrid:None EditorOnly:0 RuntimeOnly:0 HLODRelevant:0 ListedInSceneOutliner:1 IsMainWorldOnly:0
 |   |   |- Guid:522E24504A5879B01DDC998A86673C23 BaseClass: NativeClass:/Script/Landscape.LandscapeStreamingProxy Name:LandscapeStreamingProxy_8A5981RF4J0M8OUXYZ2U1UMB5_30_1_3_0 Label:LandscapeStreamingProxy_1_3_0 SpatiallyLoaded:1 Bounds:IsValid=true, Min=(X=-20860.000 Y=32618.000 Z=5966.406), Max=(X=-17860.000 Y=35618.000 Z=6085.156) RuntimeGrid:None EditorOnly:0 RuntimeOnly:0 HLODRelevant:1 ListedInSceneOutliner:1 IsMainWorldOnly:0
 |   |   |- Guid:52F20B6C48FBDADAB67EEB83CDA3D527 BaseClass: NativeClass:/Script/Landscape.LandscapeStreamingProxy Name:LandscapeStreamingProxy_8A5981RF4J0M8OUXYZ2U1UMB5_30_0_3_0 Label:LandscapeStreamingProxy_0_3_0 SpatiallyLoaded:1 Bounds:IsValid=true, Min=(X=-23860.000 Y=32618.000 Z=5900.000), Max=(X=-20860.000 Y=35618.000 Z=6109.375) RuntimeGrid:None EditorOnly:0 RuntimeOnly:0 HLODRelevant:1 ListedInSceneOutliner:1 IsMainWorldOnly:0
 |   |   |- Guid:53D77C3A4E1680ADA0EBB9A8C32AAC81 BaseClass: NativeClass:/Script/Landscape.LandscapeStreamingProxy Name:LandscapeStreamingProxy_8A5981RF4J0M8OUXYZ2U1UMB5_30_3_1_0 Label:LandscapeStreamingProxy_3_1_0 SpatiallyLoaded:1 Bounds:IsValid=true, Min=(X=-14860.000 Y=26618.000 Z=5900.000), Max=(X=-11860.000 Y=29618.000 Z=6049.219) RuntimeGrid:None EditorOnly:0 RuntimeOnly:0 HLODRelevant:1 ListedInSceneOutliner:1 IsMainWorldOnly:0
 |   |   |- Guid:549B59CB4E44F74E38E6EFA270B3A3A0 BaseClass: NativeClass:/Script/Landscape.LandscapeStreamingProxy Name:LandscapeStreamingProxy_8A5981RF4J0M8OUXYZ2U1UMB5_30_2_1_0 Label:LandscapeStreamingProxy_2_1_0 SpatiallyLoaded:1 Bounds:IsValid=true, Min=(X=-17860.000 Y=26618.000 Z=5933.594), Max=(X=-14860.000 Y=29618.000 Z=6162.500) RuntimeGrid:None EditorOnly:0 RuntimeOnly:0 HLODRelevant:1 ListedInSceneOutliner:1 IsMainWorldOnly:0
 |   |   |- Guid:55075F9B4B77C6E4F4135490562A03E6 BaseClass: NativeClass:/Script/Landscape.LandscapeStreamingProxy Name:LandscapeStreamingProxy_8A5981RF4J0M8OUXYZ2U1UMB5_30_2_3_0 Label:LandscapeStreamingProxy_2_3_0 SpatiallyLoaded:1 Bounds:IsValid=true, Min=(X=-17860.000 Y=32618.000 Z=5900.000), Max=(X=-14860.000 Y=35618.000 Z=6005.469) RuntimeGrid:None EditorOnly:0 RuntimeOnly:0 HLODRelevant:1 ListedInSceneOutliner:1 IsMainWorldOnly:0
 |   |   |- Guid:556CA40E409664C2C73BACA744970444 BaseClass:/Game/Targets/BP_EnemySpawner.BP_EnemySpawner_C NativeClass:/Script/Engine.Actor Name:BP_EnemySpawner_C_UAID_7C8AE1A23E3B8E0402_1948693711 Label:BP_EnemySpawner SpatiallyLoaded:1 Bounds:IsValid=true, Min=(X=-22673.181 Y=26900.388 Z=5505.088), Max=(X=-13051.955 Y=35091.627 Z=6206.690) RuntimeGrid:None EditorOnly:0 RuntimeOnly:0 HLODRelevant:0 ListedInSceneOutliner:1 IsMainWorldOnly:0
 |   |   |- Guid:55731B5D409D0BE3529884814B73ED11 BaseClass: NativeClass:/Script/Engine.StaticMeshActor Name:StaticMeshActor_UAID_A8A159704B01B80302_1112816055 Label:Plane4 SpatiallyLoaded:1 Bounds:IsValid=true, Min=(X=-12952.495 Y=23126.191 Z=3968.217), Max=(X=-12952.495 Y=38126.191 Z=8968.217) RuntimeGrid:None EditorOnly:0 RuntimeOnly:0 HLODRelevant:0 ListedInSceneOutliner:1 IsMainWorldOnly:0 FolderPath:Invisible walls FolderGuid:C51F340D44BAF0026BB53C88CE35AC01
 |   |   |- Guid:59AFD4DB43B5C437A58267BC123A3A65 BaseClass: NativeClass:/Script/Landscape.LandscapeStreamingProxy Name:LandscapeStreamingProxy_8A5981RF4J0M8OUXYZ2U1UMB5_30_0_1_0 Label:LandscapeStreamingProxy_0_1_0 SpatiallyLoaded:1 Bounds:IsValid=true, Min=(X=-23860.000 Y=26618.000 Z=5900.000), Max=(X=-20860.000 Y=29618.000 Z=6173.438) RuntimeGrid:None EditorOnly:0 RuntimeOnly:0 HLODRelevant:1 ListedInSceneOutliner:1 IsMainWorldOnly:0
 |   |   |- Guid:5FE7584649BB6F09265329A6C57CFD0D BaseClass: NativeClass:/Script/Engine.VolumetricCloud Name:VolumetricCloud_0 Label:VolumetricCloud SpatiallyLoaded:0 Bounds:IsValid=true, Min=(X=0.000 Y=0.000 Z=820.000), Max=(X=0.000 Y=0.000 Z=820.000) RuntimeGrid:None EditorOnly:0 RuntimeOnly:0 HLODRelevant:0 ListedInSceneOutliner:1 IsMainWorldOnly:0 FolderPath:Lighting FolderGuid:0BA5F0A04EADB18E70D5B180D08FA34B
 |   |   |- Guid:61391D344900612A77DFC3BA3E354907 BaseClass: NativeClass:/Script/Engine.ExponentialHeightFog Name:ExponentialHeightFog_0 Label:ExponentialHeightFog SpatiallyLoaded:0 Bounds:IsValid=true, Min=(X=-5600.000 Y=-50.000 Z=-6850.000), Max=(X=-5600.000 Y=-50.000 Z=-6850.000) RuntimeGrid:None EditorOnly:0 RuntimeOnly:0 HLODRelevant:0 ListedInSceneOutliner:1 IsMainWorldOnly:0 FolderPath:Lighting FolderGuid:0BA5F0A04EADB18E70D5B180D08FA34B
 |   |   |- Guid:6FEFB3BD4EB37B849EF0D4AC80F83855 BaseClass: NativeClass:/Script/Engine.WorldDataLayers Name:WorldDataLayers Label:WorldDataLayers SpatiallyLoaded:0 Bounds:IsValid=true, Min=(X=0.000 Y=0.000 Z=0.000), Max=(X=0.000 Y=0.000 Z=0.000) RuntimeGrid:None EditorOnly:0 RuntimeOnly:0 HLODRelevant:0 ListedInSceneOutliner:1 IsMainWorldOnly:1
 |   |   |- Guid:72276C4D481EFA38956C84A831837C6A BaseClass: NativeClass:/Script/Landscape.LandscapeStreamingProxy Name:LandscapeStreamingProxy_8A5981RF4J0M8OUXYZ2U1UMB5_30_1_2_0 Label:LandscapeStreamingProxy_1_2_0 SpatiallyLoaded:1 Bounds:IsValid=true, Min=(X=-20860.000 Y=29618.000 Z=5938.281), Max=(X=-17860.000 Y=32618.000 Z=6164.062) RuntimeGrid:None EditorOnly:0 RuntimeOnly:0 HLODRelevant:1 ListedInSceneOutliner:1 IsMainWorldOnly:0
 |   |   |- Guid:83D4014B47DD23ABBF8B599748254806 BaseClass: NativeClass:/Script/Landscape.LandscapeStreamingProxy Name:LandscapeStreamingProxy_8A5981RF4J0M8OUXYZ2U1UMB5_30_1_0_0 Label:LandscapeStreamingProxy_1_0_0 SpatiallyLoaded:1 Bounds:IsValid=true, Min=(X=-20860.000 Y=23618.000 Z=5900.000), Max=(X=-17860.000 Y=26618.000 Z=6092.188) RuntimeGrid:None EditorOnly:0 RuntimeOnly:0 HLODRelevant:1 ListedInSceneOutliner:1 IsMainWorldOnly:0
 |   |   |- Guid:8831F27846003C1A9310B081E17E7930 BaseClass: NativeClass:/Script/Landscape.LandscapeStreamingProxy Name:LandscapeStreamingProxy_8A5981RF4J0M8OUXYZ2U1UMB5_30_3_3_0 Label:LandscapeStreamingProxy_3_3_0 SpatiallyLoaded:1 Bounds:IsValid=true, Min=(X=-14860.000 Y=32618.000 Z=5900.000), Max=(X=-11860.000 Y=35618.000 Z=5936.719) RuntimeGrid:None EditorOnly:0 RuntimeOnly:0 HLODRelevant:1 ListedInSceneOutliner:1 IsMainWorldOnly:0
 |   |   |- Guid:97378D4841C1E6C7E92437BE7556E195 BaseClass: NativeClass:/Script/Engine.StaticMeshActor Name:StaticMeshActor_UAID_A8A159704B01B70302_2073234876 Label:Plane2 SpatiallyLoaded:1 Bounds:IsValid=true, Min=(X=-22806.989 Y=23126.191 Z=3968.217), Max=(X=-22806.989 Y=38126.191 Z=8968.217) RuntimeGrid:None EditorOnly:0 RuntimeOnly:0 HLODRelevant:0 ListedInSceneOutliner:1 IsMainWorldOnly:0 FolderPath:Invisible walls FolderGuid:C51F340D44BAF0026BB53C88CE35AC01
 |   |   |- Guid:A354B1B24E617A525DC6B48CCDE2417E BaseClass: NativeClass:/Script/Engine.PlayerStart Name:PlayerStart_0 Label:PlayerStart SpatiallyLoaded:0 Bounds:IsValid=true, Min=(X=-18606.844 Y=31634.937 Z=6126.219), Max=(X=-18526.844 Y=31714.937 Z=6310.219) RuntimeGrid:None EditorOnly:0 RuntimeOnly:0 HLODRelevant:0 ListedInSceneOutliner:1 IsMainWorldOnly:0
 |   |   |- Guid:B5EAFA2543CEDD6CF520C794DCDA61E5 BaseClass: NativeClass:/Script/Landscape.LandscapeStreamingProxy Name:LandscapeStreamingProxy_8A5981RF4J0M8OUXYZ2U1UMB5_30_2_0_0 Label:LandscapeStreamingProxy_2_0_0 SpatiallyLoaded:1 Bounds:IsValid=true, Min=(X=-17860.000 Y=23618.000 Z=5900.000), Max=(X=-14860.000 Y=26618.000 Z=6121.875) RuntimeGrid:None EditorOnly:0 RuntimeOnly:0 HLODRelevant:1 ListedInSceneOutliner:1 IsMainWorldOnly:0
 |   |   |- Guid:B77EF385455F52FF6D337DBBF8F5C23E BaseClass: NativeClass:/Script/NavigationSystem.NavMeshBoundsVolume Name:NavMeshBoundsVolume_UAID_7C8AE1A23E3B640402_1463013321 Label:NavMeshBoundsVolume SpatiallyLoaded:0 Bounds:IsValid=true, Min=(X=-22753.714 Y=26825.373 Z=4790.692), Max=(X=-12956.238 Y=35218.866 Z=6206.506) RuntimeGrid:None EditorOnly:0 RuntimeOnly:0 HLODRelevant:0 ListedInSceneOutliner:1 IsMainWorldOnly:0
 |   |   |- Guid:BAD4F984480A9A4A71F0D59689AD05B2 BaseClass: NativeClass:/Script/Landscape.LandscapeStreamingProxy Name:LandscapeStreamingProxy_8A5981RF4J0M8OUXYZ2U1UMB5_30_1_1_0 Label:LandscapeStreamingProxy_1_1_0 SpatiallyLoaded:1 Bounds:IsValid=true, Min=(X=-20860.000 Y=26618.000 Z=6042.969), Max=(X=-17860.000 Y=29618.000 Z=6172.656) RuntimeGrid:None EditorOnly:0 RuntimeOnly:0 HLODRelevant:1 ListedInSceneOutliner:1 IsMainWorldOnly:0
 |   |   |- Guid:C0C56B9644AE3D40CAFF6A878DB29844 BaseClass: NativeClass:/Script/Engine.StaticMeshActor Name:StaticMeshActor_UAID_A4AE111137DC5EFB00_2001720423 Label:SM_SkySphere SpatiallyLoaded:0 Bounds:IsValid=true, Min=(X=-1638400.000 Y=-1638400.000 Z=-1638400.000), Max=(X=1638400.000 Y=1638400.000 Z=1638400.000) RuntimeGrid:None EditorOnly:0 RuntimeOnly:0 HLODRelevant:1 ListedInSceneOutliner:1 IsMainWorldOnly:0 FolderPath:Lighting FolderGuid:0BA5F0A04EADB18E70D5B180D08FA34B
 |   |   |- Guid:C22CE07C4B87D685137FDBBC10FC92C6 BaseClass: NativeClass:/Script/Engine.SkyAtmosphere Name:SkyAtmosphere_0 Label:SkyAtmosphere SpatiallyLoaded:0 Bounds:IsValid=true, Min=(X=0.000 Y=0.000 Z=1020.000), Max=(X=0.000 Y=0.000 Z=1020.000) RuntimeGrid:None EditorOnly:0 RuntimeOnly:0 HLODRelevant:0 ListedInSceneOutliner:1 IsMainWorldOnly:0 FolderPath:Lighting FolderGuid:0BA5F0A04EADB18E70D5B180D08FA34B
 |   |   |- Guid:CB39AA3943B70CE657C54D9FA468CA69 BaseClass:/Game/Collectables/BP_CSpawner.BP_CSpawner_C NativeClass:/Script/Engine.Actor Name:BP_CSpawner_C_UAID_7C8AE1A23E3B710502_2071364668 Label:BP_CSpawner SpatiallyLoaded:1 Bounds:IsValid=true, Min=(X=-22264.412 Y=27422.512 Z=5430.955), Max=(X=-13393.816 Y=34808.815 Z=6214.416) RuntimeGrid:None EditorOnly:0 RuntimeOnly:0 HLODRelevant:0 ListedInSceneOutliner:1 IsMainWorldOnly:0
 |   |   |- Guid:CE8D82634660FCDB3120E2B8D547C533 BaseClass: NativeClass:/Script/Engine.PostProcessVolume Name:PostProcessVolume_0 Label:PostProcessVolume SpatiallyLoaded:0 Bounds:IsValid=true, Min=(X=0.000 Y=0.000 Z=400.000), Max=(X=200.000 Y=200.000 Z=600.000) RuntimeGrid:None EditorOnly:0 RuntimeOnly:0 HLODRelevant:0 ListedInSceneOutliner:1 IsMainWorldOnly:0 FolderPath:Lighting FolderGuid:0BA5F0A04EADB18E70D5B180D08FA34B
 |   |   |- Guid:D6B51FEF4E5DA8164FC9C2A7CE5F28B5 BaseClass: NativeClass:/Script/Landscape.LandscapeStreamingProxy Name:LandscapeStreamingProxy_8A5981RF4J0M8OUXYZ2U1UMB5_30_0_2_0 Label:LandscapeStreamingProxy_0_2_0 SpatiallyLoaded:1 Bounds:IsValid=true, Min=(X=-23860.000 Y=29618.000 Z=5928.125), Max=(X=-20860.000 Y=32618.000 Z=6173.438) RuntimeGrid:None EditorOnly:0 RuntimeOnly:0 HLODRelevant:1 ListedInSceneOutliner:1 IsMainWorldOnly:0
 |   |   |- Guid:E5320C1B4FD9764CE7B54D8487AEC613 BaseClass: NativeClass:/Script/Engine.SkyLight Name:SkyLight_0 Label:SkyLight SpatiallyLoaded:0 Bounds:IsValid=true, Min=(X=0.000 Y=0.000 Z=690.000), Max=(X=0.000 Y=0.000 Z=690.000) RuntimeGrid:None EditorOnly:0 RuntimeOnly:0 HLODRelevant:0 ListedInSceneOutliner:1 IsMainWorldOnly:0 FolderPath:Lighting FolderGuid:0BA5F0A04EADB18E70D5B180D08FA34B
 |   |   |- Guid:EA37474E40A927D00AC813A5040492E4 BaseClass: NativeClass:/Script/Engine.StaticMeshActor Name:StaticMeshActor_UAID_A8A159704B01B70302_1894753875 Label:Plane SpatiallyLoaded:1 Bounds:IsValid=true, Min=(X=-26383.393 Y=35228.602 Z=3999.712), Max=(X=-11383.393 Y=35228.602 Z=8999.712) RuntimeGrid:None EditorOnly:0 RuntimeOnly:0 HLODRelevant:0 ListedInSceneOutliner:1 IsMainWorldOnly:0 FolderPath:Invisible walls FolderGuid:C51F340D44BAF0026BB53C88CE35AC01
 |   |   |- Guid:F80621C9446867154938FE81375207DA BaseClass: NativeClass:/Script/Engine.DirectionalLight Name:DirectionalLight_1 Label:DirectionalLight SpatiallyLoaded:0 Bounds:Invalid RuntimeGrid:None EditorOnly:0 RuntimeOnly:0 HLODRelevant:0 ListedInSceneOutliner:1 IsMainWorldOnly:0 FolderPath:Lighting FolderGuid:0BA5F0A04EADB18E70D5B180D08FA34B
 |   |   |- Guid:FA5B285E4D6AA9CB58F9AB9193A9C3CE BaseClass: NativeClass:/Script/Landscape.LandscapeStreamingProxy Name:LandscapeStreamingProxy_8A5981RF4J0M8OUXYZ2U1UMB5_30_0_0_0 Label:LandscapeStreamingProxy_0_0_0 SpatiallyLoaded:1 Bounds:IsValid=true, Min=(X=-23860.000 Y=23618.000 Z=5900.000), Max=(X=-20860.000 Y=26618.000 Z=6043.750) RuntimeGrid:None EditorOnly:0 RuntimeOnly:0 HLODRelevant:1 ListedInSceneOutliner:1 IsMainWorldOnly:0
 |   |   |- Guid:FF31E897425BBEAF5E8261B4A33CECA9 BaseClass: NativeClass:/Script/Landscape.Landscape Name:Landscape_UAID_A8A159704B01B10302_1192770821 Label:Landscape SpatiallyLoaded:0 Bounds:IsValid=true, Min=(X=-23860.000 Y=23618.000 Z=5900.000), Max=(X=-23860.000 Y=23618.000 Z=5900.000) RuntimeGrid:None EditorOnly:0 RuntimeOnly:0 HLODRelevant:0 ListedInSceneOutliner:1 IsMainWorldOnly:0
 |   |- [+] Clusters:
 |   |   |- [+] [  0]
 |   |   |   |- Guid:177C34C9469376FCC1BBDD83A74ED23A BaseClass: NativeClass:/Script/Engine.StaticMeshActor Name:StaticMeshActor_UAID_A8A159704B01B80302_1078343054 Label:Plane3 SpatiallyLoaded:1 Bounds:IsValid=true, Min=(X=-26383.393 Y=26807.600 Z=3999.712), Max=(X=-11383.393 Y=26807.600 Z=8999.712) RuntimeGrid:None EditorOnly:0 RuntimeOnly:0 HLODRelevant:0 ListedInSceneOutliner:1 IsMainWorldOnly:0 FolderPath:Invisible walls FolderGuid:C51F340D44BAF0026BB53C88CE35AC01
 |   |   |- [+] [  1]
 |   |   |   |- Guid:1909693D4499F15E3E6E779200717735 BaseClass: NativeClass:/Script/Engine.LevelInstance Name:LevelInstance_UAID_A8A159704B01B00302_1323661644 Label:Demo SpatiallyLoaded:1 Bounds:IsValid=true, Min=(X=-1655612.421 Y=-1615464.899 Z=-1631312.579), Max=(X=1621187.579 Y=1661335.101 Z=1645487.421) RuntimeGrid:None EditorOnly:0 RuntimeOnly:0 HLODRelevant:0 ListedInSceneOutliner:1 IsMainWorldOnly:0
 |   |   |- [+] [  2]
 |   |   |   |- Guid:21262252453B37957EF29F82ABA2413B BaseClass: NativeClass:/Script/Engine.TextRenderActor Name:TextRenderActor_1 Label:TextRenderActor SpatiallyLoaded:1 Bounds:IsValid=true, Min=(X=-0.100 Y=1100.000 Z=65.013), Max=(X=-0.100 Y=2363.461 Z=215.013) RuntimeGrid:None EditorOnly:0 RuntimeOnly:0 HLODRelevant:0 ListedInSceneOutliner:1 IsMainWorldOnly:0
 |   |   |- [+] [  3]
 |   |   |   |- Guid:254FB6C6426B9B283DB4B38FA57D1BBC BaseClass: NativeClass:/Script/Landscape.LandscapeStreamingProxy Name:LandscapeStreamingProxy_8A5981RF4J0M8OUXYZ2U1UMB5_30_2_2_0 Label:LandscapeStreamingProxy_2_2_0 SpatiallyLoaded:1 Bounds:IsValid=true, Min=(X=-17860.000 Y=29618.000 Z=5900.000), Max=(X=-14860.000 Y=32618.000 Z=6095.312) RuntimeGrid:None EditorOnly:0 RuntimeOnly:0 HLODRelevant:1 ListedInSceneOutliner:1 IsMainWorldOnly:0
 |   |   |- [+] [  4]
 |   |   |   |- Guid:25E501B74CEBA4C8563CD6ADAFAAEB95 BaseClass: NativeClass:/Script/Engine.AmbientSound Name:AmbientSound_UAID_A8A159704B014F0502_1645150679 Label:DoomMusic SpatiallyLoaded:1 Bounds:IsValid=true, Min=(X=-15428.934 Y=27708.897 Z=6074.111), Max=(X=-15428.934 Y=27708.897 Z=6074.111) RuntimeGrid:None EditorOnly:0 RuntimeOnly:0 HLODRelevant:0 ListedInSceneOutliner:1 IsMainWorldOnly:0
 |   |   |- [+] [  5]
 |   |   |   |- Guid:29AEFE2242087AE0D4058383A8889E06 BaseClass: NativeClass:/Script/Landscape.LandscapeStreamingProxy Name:LandscapeStreamingProxy_8A5981RF4J0M8OUXYZ2U1UMB5_30_3_0_0 Label:LandscapeStreamingProxy_3_0_0 SpatiallyLoaded:1 Bounds:IsValid=true, Min=(X=-14860.000 Y=23618.000 Z=5900.000), Max=(X=-11860.000 Y=26618.000 Z=5967.969) RuntimeGrid:None EditorOnly:0 RuntimeOnly:0 HLODRelevant:1 ListedInSceneOutliner:1 IsMainWorldOnly:0
 |   |   |- [+] [  6]
 |   |   |   |- Guid:488A52B84D466AF0C252EA9E8E7BEA5D BaseClass: NativeClass:/Script/Landscape.LandscapeStreamingProxy Name:LandscapeStreamingProxy_8A5981RF4J0M8OUXYZ2U1UMB5_30_3_2_0 Label:LandscapeStreamingProxy_3_2_0 SpatiallyLoaded:1 Bounds:IsValid=true, Min=(X=-14860.000 Y=29618.000 Z=5900.000), Max=(X=-11860.000 Y=32618.000 Z=6050.000) RuntimeGrid:None EditorOnly:0 RuntimeOnly:0 HLODRelevant:1 ListedInSceneOutliner:1 IsMainWorldOnly:0
 |   |   |- [+] [  7]
 |   |   |   |- Guid:4C550D474E2FDC899C3276B3804A935A BaseClass: NativeClass:/Script/NavigationSystem.RecastNavMesh Name:RecastNavMesh_UAID_7C8AE1A23E3B640402-Default Label:RecastNavMesh-Default SpatiallyLoaded:0 Bounds:IsValid=true, Min=(X=0.000 Y=0.000 Z=0.000), Max=(X=0.000 Y=0.000 Z=0.000) RuntimeGrid:None EditorOnly:0 RuntimeOnly:0 HLODRelevant:0 ListedInSceneOutliner:1 IsMainWorldOnly:0
 |   |   |- [+] [  8]
 |   |   |   |- Guid:522E24504A5879B01DDC998A86673C23 BaseClass: NativeClass:/Script/Landscape.LandscapeStreamingProxy Name:LandscapeStreamingProxy_8A5981RF4J0M8OUXYZ2U1UMB5_30_1_3_0 Label:LandscapeStreamingProxy_1_3_0 SpatiallyLoaded:1 Bounds:IsValid=true, Min=(X=-20860.000 Y=32618.000 Z=5966.406), Max=(X=-17860.000 Y=35618.000 Z=6085.156) RuntimeGrid:None EditorOnly:0 RuntimeOnly:0 HLODRelevant:1 ListedInSceneOutliner:1 IsMainWorldOnly:0
 |   |   |- [+] [  9]
 |   |   |   |- Guid:52F20B6C48FBDADAB67EEB83CDA3D527 BaseClass: NativeClass:/Script/Landscape.LandscapeStreamingProxy Name:LandscapeStreamingProxy_8A5981RF4J0M8OUXYZ2U1UMB5_30_0_3_0 Label:LandscapeStreamingProxy_0_3_0 SpatiallyLoaded:1 Bounds:IsValid=true, Min=(X=-23860.000 Y=32618.000 Z=5900.000), Max=(X=-20860.000 Y=35618.000 Z=6109.375) RuntimeGrid:None EditorOnly:0 RuntimeOnly:0 HLODRelevant:1 ListedInSceneOutliner:1 IsMainWorldOnly:0
 |   |   |- [+] [ 10]
 |   |   |   |- Guid:53D77C3A4E1680ADA0EBB9A8C32AAC81 BaseClass: NativeClass:/Script/Landscape.LandscapeStreamingProxy Name:LandscapeStreamingProxy_8A5981RF4J0M8OUXYZ2U1UMB5_30_3_1_0 Label:LandscapeStreamingProxy_3_1_0 SpatiallyLoaded:1 Bounds:IsValid=true, Min=(X=-14860.000 Y=26618.000 Z=5900.000), Max=(X=-11860.000 Y=29618.000 Z=6049.219) RuntimeGrid:None EditorOnly:0 RuntimeOnly:0 HLODRelevant:1 ListedInSceneOutliner:1 IsMainWorldOnly:0
 |   |   |- [+] [ 11]
 |   |   |   |- Guid:549B59CB4E44F74E38E6EFA270B3A3A0 BaseClass: NativeClass:/Script/Landscape.LandscapeStreamingProxy Name:LandscapeStreamingProxy_8A5981RF4J0M8OUXYZ2U1UMB5_30_2_1_0 Label:LandscapeStreamingProxy_2_1_0 SpatiallyLoaded:1 Bounds:IsValid=true, Min=(X=-17860.000 Y=26618.000 Z=5933.594), Max=(X=-14860.000 Y=29618.000 Z=6162.500) RuntimeGrid:None EditorOnly:0 RuntimeOnly:0 HLODRelevant:1 ListedInSceneOutliner:1 IsMainWorldOnly:0
 |   |   |- [+] [ 12]
 |   |   |   |- Guid:55075F9B4B77C6E4F4135490562A03E6 BaseClass: NativeClass:/Script/Landscape.LandscapeStreamingProxy Name:LandscapeStreamingProxy_8A5981RF4J0M8OUXYZ2U1UMB5_30_2_3_0 Label:LandscapeStreamingProxy_2_3_0 SpatiallyLoaded:1 Bounds:IsValid=true, Min=(X=-17860.000 Y=32618.000 Z=5900.000), Max=(X=-14860.000 Y=35618.000 Z=6005.469) RuntimeGrid:None EditorOnly:0 RuntimeOnly:0 HLODRelevant:1 ListedInSceneOutliner:1 IsMainWorldOnly:0
 |   |   |- [+] [ 13]
 |   |   |   |- Guid:556CA40E409664C2C73BACA744970444 BaseClass:/Game/Targets/BP_EnemySpawner.BP_EnemySpawner_C NativeClass:/Script/Engine.Actor Name:BP_EnemySpawner_C_UAID_7C8AE1A23E3B8E0402_1948693711 Label:BP_EnemySpawner SpatiallyLoaded:1 Bounds:IsValid=true, Min=(X=-22673.181 Y=26900.388 Z=5505.088), Max=(X=-13051.955 Y=35091.627 Z=6206.690) RuntimeGrid:None EditorOnly:0 RuntimeOnly:0 HLODRelevant:0 ListedInSceneOutliner:1 IsMainWorldOnly:0
 |   |   |- [+] [ 14]
 |   |   |   |- Guid:55731B5D409D0BE3529884814B73ED11 BaseClass: NativeClass:/Script/Engine.StaticMeshActor Name:StaticMeshActor_UAID_A8A159704B01B80302_1112816055 Label:Plane4 SpatiallyLoaded:1 Bounds:IsValid=true, Min=(X=-12952.495 Y=23126.191 Z=3968.217), Max=(X=-12952.495 Y=38126.191 Z=8968.217) RuntimeGrid:None EditorOnly:0 RuntimeOnly:0 HLODRelevant:0 ListedInSceneOutliner:1 IsMainWorldOnly:0 FolderPath:Invisible walls FolderGuid:C51F340D44BAF0026BB53C88CE35AC01
 |   |   |- [+] [ 15]
 |   |   |   |- Guid:59AFD4DB43B5C437A58267BC123A3A65 BaseClass: NativeClass:/Script/Landscape.LandscapeStreamingProxy Name:LandscapeStreamingProxy_8A5981RF4J0M8OUXYZ2U1UMB5_30_0_1_0 Label:LandscapeStreamingProxy_0_1_0 SpatiallyLoaded:1 Bounds:IsValid=true, Min=(X=-23860.000 Y=26618.000 Z=5900.000), Max=(X=-20860.000 Y=29618.000 Z=6173.438) RuntimeGrid:None EditorOnly:0 RuntimeOnly:0 HLODRelevant:1 ListedInSceneOutliner:1 IsMainWorldOnly:0
 |   |   |- [+] [ 16]
 |   |   |   |- Guid:5FE7584649BB6F09265329A6C57CFD0D BaseClass: NativeClass:/Script/Engine.VolumetricCloud Name:VolumetricCloud_0 Label:VolumetricCloud SpatiallyLoaded:0 Bounds:IsValid=true, Min=(X=0.000 Y=0.000 Z=820.000), Max=(X=0.000 Y=0.000 Z=820.000) RuntimeGrid:None EditorOnly:0 RuntimeOnly:0 HLODRelevant:0 ListedInSceneOutliner:1 IsMainWorldOnly:0 FolderPath:Lighting FolderGuid:0BA5F0A04EADB18E70D5B180D08FA34B
 |   |   |- [+] [ 17]
 |   |   |   |- Guid:61391D344900612A77DFC3BA3E354907 BaseClass: NativeClass:/Script/Engine.ExponentialHeightFog Name:ExponentialHeightFog_0 Label:ExponentialHeightFog SpatiallyLoaded:0 Bounds:IsValid=true, Min=(X=-5600.000 Y=-50.000 Z=-6850.000), Max=(X=-5600.000 Y=-50.000 Z=-6850.000) RuntimeGrid:None EditorOnly:0 RuntimeOnly:0 HLODRelevant:0 ListedInSceneOutliner:1 IsMainWorldOnly:0 FolderPath:Lighting FolderGuid:0BA5F0A04EADB18E70D5B180D08FA34B
 |   |   |- [+] [ 18]
 |   |   |   |- Guid:6FEFB3BD4EB37B849EF0D4AC80F83855 BaseClass: NativeClass:/Script/Engine.WorldDataLayers Name:WorldDataLayers Label:WorldDataLayers SpatiallyLoaded:0 Bounds:IsValid=true, Min=(X=0.000 Y=0.000 Z=0.000), Max=(X=0.000 Y=0.000 Z=0.000) RuntimeGrid:None EditorOnly:0 RuntimeOnly:0 HLODRelevant:0 ListedInSceneOutliner:1 IsMainWorldOnly:1
 |   |   |- [+] [ 19]
 |   |   |   |- Guid:72276C4D481EFA38956C84A831837C6A BaseClass: NativeClass:/Script/Landscape.LandscapeStreamingProxy Name:LandscapeStreamingProxy_8A5981RF4J0M8OUXYZ2U1UMB5_30_1_2_0 Label:LandscapeStreamingProxy_1_2_0 SpatiallyLoaded:1 Bounds:IsValid=true, Min=(X=-20860.000 Y=29618.000 Z=5938.281), Max=(X=-17860.000 Y=32618.000 Z=6164.062) RuntimeGrid:None EditorOnly:0 RuntimeOnly:0 HLODRelevant:1 ListedInSceneOutliner:1 IsMainWorldOnly:0
 |   |   |- [+] [ 20]
 |   |   |   |- Guid:83D4014B47DD23ABBF8B599748254806 BaseClass: NativeClass:/Script/Landscape.LandscapeStreamingProxy Name:LandscapeStreamingProxy_8A5981RF4J0M8OUXYZ2U1UMB5_30_1_0_0 Label:LandscapeStreamingProxy_1_0_0 SpatiallyLoaded:1 Bounds:IsValid=true, Min=(X=-20860.000 Y=23618.000 Z=5900.000), Max=(X=-17860.000 Y=26618.000 Z=6092.188) RuntimeGrid:None EditorOnly:0 RuntimeOnly:0 HLODRelevant:1 ListedInSceneOutliner:1 IsMainWorldOnly:0
 |   |   |- [+] [ 21]
 |   |   |   |- Guid:8831F27846003C1A9310B081E17E7930 BaseClass: NativeClass:/Script/Landscape.LandscapeStreamingProxy Name:LandscapeStreamingProxy_8A5981RF4J0M8OUXYZ2U1UMB5_30_3_3_0 Label:LandscapeStreamingProxy_3_3_0 SpatiallyLoaded:1 Bounds:IsValid=true, Min=(X=-14860.000 Y=32618.000 Z=5900.000), Max=(X=-11860.000 Y=35618.000 Z=5936.719) RuntimeGrid:None EditorOnly:0 RuntimeOnly:0 HLODRelevant:1 ListedInSceneOutliner:1 IsMainWorldOnly:0
 |   |   |- [+] [ 22]
 |   |   |   |- Guid:97378D4841C1E6C7E92437BE7556E195 BaseClass: NativeClass:/Script/Engine.StaticMeshActor Name:StaticMeshActor_UAID_A8A159704B01B70302_2073234876 Label:Plane2 SpatiallyLoaded:1 Bounds:IsValid=true, Min=(X=-22806.989 Y=23126.191 Z=3968.217), Max=(X=-22806.989 Y=38126.191 Z=8968.217) RuntimeGrid:None EditorOnly:0 RuntimeOnly:0 HLODRelevant:0 ListedInSceneOutliner:1 IsMainWorldOnly:0 FolderPath:Invisible walls FolderGuid:C51F340D44BAF0026BB53C88CE35AC01
 |   |   |- [+] [ 23]
 |   |   |   |- Guid:A354B1B24E617A525DC6B48CCDE2417E BaseClass: NativeClass:/Script/Engine.PlayerStart Name:PlayerStart_0 Label:PlayerStart SpatiallyLoaded:0 Bounds:IsValid=true, Min=(X=-18606.844 Y=31634.937 Z=6126.219), Max=(X=-18526.844 Y=31714.937 Z=6310.219) RuntimeGrid:None EditorOnly:0 RuntimeOnly:0 HLODRelevant:0 ListedInSceneOutliner:1 IsMainWorldOnly:0
 |   |   |- [+] [ 24]
 |   |   |   |- Guid:B5EAFA2543CEDD6CF520C794DCDA61E5 BaseClass: NativeClass:/Script/Landscape.LandscapeStreamingProxy Name:LandscapeStreamingProxy_8A5981RF4J0M8OUXYZ2U1UMB5_30_2_0_0 Label:LandscapeStreamingProxy_2_0_0 SpatiallyLoaded:1 Bounds:IsValid=true, Min=(X=-17860.000 Y=23618.000 Z=5900.000), Max=(X=-14860.000 Y=26618.000 Z=6121.875) RuntimeGrid:None EditorOnly:0 RuntimeOnly:0 HLODRelevant:1 ListedInSceneOutliner:1 IsMainWorldOnly:0
 |   |   |- [+] [ 25]
 |   |   |   |- Guid:B77EF385455F52FF6D337DBBF8F5C23E BaseClass: NativeClass:/Script/NavigationSystem.NavMeshBoundsVolume Name:NavMeshBoundsVolume_UAID_7C8AE1A23E3B640402_1463013321 Label:NavMeshBoundsVolume SpatiallyLoaded:0 Bounds:IsValid=true, Min=(X=-22753.714 Y=26825.373 Z=4790.692), Max=(X=-12956.238 Y=35218.866 Z=6206.506) RuntimeGrid:None EditorOnly:0 RuntimeOnly:0 HLODRelevant:0 ListedInSceneOutliner:1 IsMainWorldOnly:0
 |   |   |- [+] [ 26]
 |   |   |   |- Guid:BAD4F984480A9A4A71F0D59689AD05B2 BaseClass: NativeClass:/Script/Landscape.LandscapeStreamingProxy Name:LandscapeStreamingProxy_8A5981RF4J0M8OUXYZ2U1UMB5_30_1_1_0 Label:LandscapeStreamingProxy_1_1_0 SpatiallyLoaded:1 Bounds:IsValid=true, Min=(X=-20860.000 Y=26618.000 Z=6042.969), Max=(X=-17860.000 Y=29618.000 Z=6172.656) RuntimeGrid:None EditorOnly:0 RuntimeOnly:0 HLODRelevant:1 ListedInSceneOutliner:1 IsMainWorldOnly:0
 |   |   |- [+] [ 27]
 |   |   |   |- Guid:C0C56B9644AE3D40CAFF6A878DB29844 BaseClass: NativeClass:/Script/Engine.StaticMeshActor Name:StaticMeshActor_UAID_A4AE111137DC5EFB00_2001720423 Label:SM_SkySphere SpatiallyLoaded:0 Bounds:IsValid=true, Min=(X=-1638400.000 Y=-1638400.000 Z=-1638400.000), Max=(X=1638400.000 Y=1638400.000 Z=1638400.000) RuntimeGrid:None EditorOnly:0 RuntimeOnly:0 HLODRelevant:1 ListedInSceneOutliner:1 IsMainWorldOnly:0 FolderPath:Lighting FolderGuid:0BA5F0A04EADB18E70D5B180D08FA34B
 |   |   |- [+] [ 28]
 |   |   |   |- Guid:C22CE07C4B87D685137FDBBC10FC92C6 BaseClass: NativeClass:/Script/Engine.SkyAtmosphere Name:SkyAtmosphere_0 Label:SkyAtmosphere SpatiallyLoaded:0 Bounds:IsValid=true, Min=(X=0.000 Y=0.000 Z=1020.000), Max=(X=0.000 Y=0.000 Z=1020.000) RuntimeGrid:None EditorOnly:0 RuntimeOnly:0 HLODRelevant:0 ListedInSceneOutliner:1 IsMainWorldOnly:0 FolderPath:Lighting FolderGuid:0BA5F0A04EADB18E70D5B180D08FA34B
 |   |   |- [+] [ 29]
 |   |   |   |- Guid:CB39AA3943B70CE657C54D9FA468CA69 BaseClass:/Game/Collectables/BP_CSpawner.BP_CSpawner_C NativeClass:/Script/Engine.Actor Name:BP_CSpawner_C_UAID_7C8AE1A23E3B710502_2071364668 Label:BP_CSpawner SpatiallyLoaded:1 Bounds:IsValid=true, Min=(X=-22264.412 Y=27422.512 Z=5430.955), Max=(X=-13393.816 Y=34808.815 Z=6214.416) RuntimeGrid:None EditorOnly:0 RuntimeOnly:0 HLODRelevant:0 ListedInSceneOutliner:1 IsMainWorldOnly:0
 |   |   |- [+] [ 30]
 |   |   |   |- Guid:CE8D82634660FCDB3120E2B8D547C533 BaseClass: NativeClass:/Script/Engine.PostProcessVolume Name:PostProcessVolume_0 Label:PostProcessVolume SpatiallyLoaded:0 Bounds:IsValid=true, Min=(X=0.000 Y=0.000 Z=400.000), Max=(X=200.000 Y=200.000 Z=600.000) RuntimeGrid:None EditorOnly:0 RuntimeOnly:0 HLODRelevant:0 ListedInSceneOutliner:1 IsMainWorldOnly:0 FolderPath:Lighting FolderGuid:0BA5F0A04EADB18E70D5B180D08FA34B
 |   |   |- [+] [ 31]
 |   |   |   |- Guid:D6B51FEF4E5DA8164FC9C2A7CE5F28B5 BaseClass: NativeClass:/Script/Landscape.LandscapeStreamingProxy Name:LandscapeStreamingProxy_8A5981RF4J0M8OUXYZ2U1UMB5_30_0_2_0 Label:LandscapeStreamingProxy_0_2_0 SpatiallyLoaded:1 Bounds:IsValid=true, Min=(X=-23860.000 Y=29618.000 Z=5928.125), Max=(X=-20860.000 Y=32618.000 Z=6173.438) RuntimeGrid:None EditorOnly:0 RuntimeOnly:0 HLODRelevant:1 ListedInSceneOutliner:1 IsMainWorldOnly:0
 |   |   |- [+] [ 32]
 |   |   |   |- Guid:E5320C1B4FD9764CE7B54D8487AEC613 BaseClass: NativeClass:/Script/Engine.SkyLight Name:SkyLight_0 Label:SkyLight SpatiallyLoaded:0 Bounds:IsValid=true, Min=(X=0.000 Y=0.000 Z=690.000), Max=(X=0.000 Y=0.000 Z=690.000) RuntimeGrid:None EditorOnly:0 RuntimeOnly:0 HLODRelevant:0 ListedInSceneOutliner:1 IsMainWorldOnly:0 FolderPath:Lighting FolderGuid:0BA5F0A04EADB18E70D5B180D08FA34B
 |   |   |- [+] [ 33]
 |   |   |   |- Guid:EA37474E40A927D00AC813A5040492E4 BaseClass: NativeClass:/Script/Engine.StaticMeshActor Name:StaticMeshActor_UAID_A8A159704B01B70302_1894753875 Label:Plane SpatiallyLoaded:1 Bounds:IsValid=true, Min=(X=-26383.393 Y=35228.602 Z=3999.712), Max=(X=-11383.393 Y=35228.602 Z=8999.712) RuntimeGrid:None EditorOnly:0 RuntimeOnly:0 HLODRelevant:0 ListedInSceneOutliner:1 IsMainWorldOnly:0 FolderPath:Invisible walls FolderGuid:C51F340D44BAF0026BB53C88CE35AC01
 |   |   |- [+] [ 34]
 |   |   |   |- Guid:F80621C9446867154938FE81375207DA BaseClass: NativeClass:/Script/Engine.DirectionalLight Name:DirectionalLight_1 Label:DirectionalLight SpatiallyLoaded:0 Bounds:Invalid RuntimeGrid:None EditorOnly:0 RuntimeOnly:0 HLODRelevant:0 ListedInSceneOutliner:1 IsMainWorldOnly:0 FolderPath:Lighting FolderGuid:0BA5F0A04EADB18E70D5B180D08FA34B
 |   |   |- [+] [ 35]
 |   |   |   |- Guid:FA5B285E4D6AA9CB58F9AB9193A9C3CE BaseClass: NativeClass:/Script/Landscape.LandscapeStreamingProxy Name:LandscapeStreamingProxy_8A5981RF4J0M8OUXYZ2U1UMB5_30_0_0_0 Label:LandscapeStreamingProxy_0_0_0 SpatiallyLoaded:1 Bounds:IsValid=true, Min=(X=-23860.000 Y=23618.000 Z=5900.000), Max=(X=-20860.000 Y=26618.000 Z=6043.750) RuntimeGrid:None EditorOnly:0 RuntimeOnly:0 HLODRelevant:1 ListedInSceneOutliner:1 IsMainWorldOnly:0
 |   |   |- [+] [ 36]
 |   |   |   |- Guid:FF31E897425BBEAF5E8261B4A33CECA9 BaseClass: NativeClass:/Script/Landscape.Landscape Name:Landscape_UAID_A8A159704B01B10302_1192770821 Label:Landscape SpatiallyLoaded:0 Bounds:IsValid=true, Min=(X=-23860.000 Y=23618.000 Z=5900.000), Max=(X=-23860.000 Y=23618.000 Z=5900.000) RuntimeGrid:None EditorOnly:0 RuntimeOnly:0 HLODRelevant:0 ListedInSceneOutliner:1 IsMainWorldOnly:0
 |- ContainerInstances:
 |- [+] MainContainer:
 |   |-        ID: 00000000000000000000000000000000
 |   |-  ParentID: 00000000000000000000000000000000
 |   |-    Bounds: IsValid=false, Min=(X=0.000 Y=0.000 Z=0.000), Max=(X=0.000 Y=0.000 Z=0.000)
 |   |- Transform: 0.000000,0.000000,0.000000|0.000000,0.000000,-0.000000|1.000000,1.000000,1.000000
 |   |- Container: /Game/FirstPerson/Maps/FirstPersonMap
----------------------------------------------------------------------------------------------------------------
FirstPersonMap - Persistent Level
----------------------------------------------------------------------------------------------------------------
[+] Content of FirstPersonMap Persistent Level
 |- Always loaded Actor Count: 37 
 |- Actor Path: /Game/FirstPerson/Maps/UEDPIE_0_FirstPersonMap.FirstPersonMap:PersistentLevel.AmbientSound_UAID_A8A159704B014F0502_1645150679
 |- Actor Package: /Game/FirstPerson/Maps/UEDPIE_0_FirstPersonMap_InstanceOf_/Game/__ExternalActors__/FirstPerson/Maps/FirstPersonMap/B/LY/U4J9CIMGS5GXB6CQ59OPZP
 |- Actor Path: /Game/FirstPerson/Maps/UEDPIE_0_FirstPersonMap.FirstPersonMap:PersistentLevel.BP_CSpawner_C_UAID_7C8AE1A23E3B710502_2071364668
 |- Actor Package: /Game/FirstPerson/Maps/UEDPIE_0_FirstPersonMap_InstanceOf_/Game/__ExternalActors__/FirstPerson/Maps/FirstPersonMap/0/F5/EZ63ENLFWIRY8J250HONHU
 |- Actor Path: /Game/FirstPerson/Maps/UEDPIE_0_FirstPersonMap.FirstPersonMap:PersistentLevel.BP_EnemySpawner_C_UAID_7C8AE1A23E3B8E0402_1948693711
 |- Actor Package: /Game/FirstPerson/Maps/UEDPIE_0_FirstPersonMap_InstanceOf_/Game/__ExternalActors__/FirstPerson/Maps/FirstPersonMap/5/YN/I4838MD33WOJ6ADIL3DM0A
 |- Actor Path: /Game/FirstPerson/Maps/UEDPIE_0_FirstPersonMap.FirstPersonMap:PersistentLevel.DirectionalLight_1
 |- Actor Package: /Game/FirstPerson/Maps/UEDPIE_0_FirstPersonMap_InstanceOf_/Game/__ExternalActors__/FirstPerson/Maps/FirstPersonMap/0/WB/V4ALNTJYOVWM8BU452CKV5
 |- Actor Path: /Game/FirstPerson/Maps/UEDPIE_0_FirstPersonMap.FirstPersonMap:PersistentLevel.ExponentialHeightFog_0
 |- Actor Package: /Game/FirstPerson/Maps/UEDPIE_0_FirstPersonMap_InstanceOf_/Game/__ExternalActors__/FirstPerson/Maps/FirstPersonMap/0/CL/381LM03PFI8AF9NED1SEV2
 |- Actor Path: /Game/FirstPerson/Maps/UEDPIE_0_FirstPersonMap.FirstPersonMap:PersistentLevel.Landscape_UAID_A8A159704B01B10302_1192770821
 |- Actor Package: /Game/FirstPerson/Maps/UEDPIE_0_FirstPersonMap_InstanceOf_/Game/__ExternalActors__/FirstPerson/Maps/FirstPersonMap/6/BH/M55FGENFQ480YDLFLDP0L6
 |- Actor Path: /Game/FirstPerson/Maps/UEDPIE_0_FirstPersonMap.FirstPersonMap:PersistentLevel.LandscapeStreamingProxy_8A5981RF4J0M8OUXYZ2U1UMB5_30_0_0_0
 |- Actor Package: /Game/FirstPerson/Maps/UEDPIE_0_FirstPersonMap_InstanceOf_/Game/__ExternalActors__/FirstPerson/Maps/FirstPersonMap/1/DV/M2QNB1RLXWPIWITGIR1AQO
 |- Actor Path: /Game/FirstPerson/Maps/UEDPIE_0_FirstPersonMap.FirstPersonMap:PersistentLevel.LandscapeStreamingProxy_8A5981RF4J0M8OUXYZ2U1UMB5_30_0_1_0
 |- Actor Package: /Game/FirstPerson/Maps/UEDPIE_0_FirstPersonMap_InstanceOf_/Game/__ExternalActors__/FirstPerson/Maps/FirstPersonMap/0/VT/D81KDCN0MGBKDI6F7Y56WG
 |- Actor Path: /Game/FirstPerson/Maps/UEDPIE_0_FirstPersonMap.FirstPersonMap:PersistentLevel.LandscapeStreamingProxy_8A5981RF4J0M8OUXYZ2U1UMB5_30_0_2_0
 |- Actor Package: /Game/FirstPerson/Maps/UEDPIE_0_FirstPersonMap_InstanceOf_/Game/__ExternalActors__/FirstPerson/Maps/FirstPersonMap/0/JN/EJALRGYHJT2TBRPQOK7JKB
 |- Actor Path: /Game/FirstPerson/Maps/UEDPIE_0_FirstPersonMap.FirstPersonMap:PersistentLevel.LandscapeStreamingProxy_8A5981RF4J0M8OUXYZ2U1UMB5_30_0_3_0
 |- Actor Package: /Game/FirstPerson/Maps/UEDPIE_0_FirstPersonMap_InstanceOf_/Game/__ExternalActors__/FirstPerson/Maps/FirstPersonMap/E/DY/EEUDHJJQN3KHSUSRFYAR5F
 |- Actor Path: /Game/FirstPerson/Maps/UEDPIE_0_FirstPersonMap.FirstPersonMap:PersistentLevel.LandscapeStreamingProxy_8A5981RF4J0M8OUXYZ2U1UMB5_30_1_0_0
 |- Actor Package: /Game/FirstPerson/Maps/UEDPIE_0_FirstPersonMap_InstanceOf_/Game/__ExternalActors__/FirstPerson/Maps/FirstPersonMap/7/R1/RR5QQV1HYODBKHXTG0ATDQ
 |- Actor Path: /Game/FirstPerson/Maps/UEDPIE_0_FirstPersonMap.FirstPersonMap:PersistentLevel.LandscapeStreamingProxy_8A5981RF4J0M8OUXYZ2U1UMB5_30_1_1_0
 |- Actor Package: /Game/FirstPerson/Maps/UEDPIE_0_FirstPersonMap_InstanceOf_/Game/__ExternalActors__/FirstPerson/Maps/FirstPersonMap/0/SF/V9B74ZW7TSMRYUTZTKAGJI
 |- Actor Path: /Game/FirstPerson/Maps/UEDPIE_0_FirstPersonMap.FirstPersonMap:PersistentLevel.LandscapeStreamingProxy_8A5981RF4J0M8OUXYZ2U1UMB5_30_1_2_0
 |- Actor Package: /Game/FirstPerson/Maps/UEDPIE_0_FirstPersonMap_InstanceOf_/Game/__ExternalActors__/FirstPerson/Maps/FirstPersonMap/5/V9/Q3ZFEZ2TP415VW2BMAUBWO
 |- Actor Path: /Game/FirstPerson/Maps/UEDPIE_0_FirstPersonMap.FirstPersonMap:PersistentLevel.LandscapeStreamingProxy_8A5981RF4J0M8OUXYZ2U1UMB5_30_1_3_0
 |- Actor Package: /Game/FirstPerson/Maps/UEDPIE_0_FirstPersonMap_InstanceOf_/Game/__ExternalActors__/FirstPerson/Maps/FirstPersonMap/C/KV/B03YB87LLZ575AVJQD5VVY
 |- Actor Path: /Game/FirstPerson/Maps/UEDPIE_0_FirstPersonMap.FirstPersonMap:PersistentLevel.LandscapeStreamingProxy_8A5981RF4J0M8OUXYZ2U1UMB5_30_2_0_0
 |- Actor Package: /Game/FirstPerson/Maps/UEDPIE_0_FirstPersonMap_InstanceOf_/Game/__ExternalActors__/FirstPerson/Maps/FirstPersonMap/5/VY/9RYTP8IPP49ZK8HMC2TCE3
 |- Actor Path: /Game/FirstPerson/Maps/UEDPIE_0_FirstPersonMap.FirstPersonMap:PersistentLevel.LandscapeStreamingProxy_8A5981RF4J0M8OUXYZ2U1UMB5_30_2_1_0
 |- Actor Package: /Game/FirstPerson/Maps/UEDPIE_0_FirstPersonMap_InstanceOf_/Game/__ExternalActors__/FirstPerson/Maps/FirstPersonMap/5/VV/KXEGPIG2OWLLSQ2EMC3SL7
 |- Actor Path: /Game/FirstPerson/Maps/UEDPIE_0_FirstPersonMap.FirstPersonMap:PersistentLevel.LandscapeStreamingProxy_8A5981RF4J0M8OUXYZ2U1UMB5_30_2_2_0
 |- Actor Package: /Game/FirstPerson/Maps/UEDPIE_0_FirstPersonMap_InstanceOf_/Game/__ExternalActors__/FirstPerson/Maps/FirstPersonMap/D/XT/MMRG2LNPD4BPQS31GOCBRG
 |- Actor Path: /Game/FirstPerson/Maps/UEDPIE_0_FirstPersonMap.FirstPersonMap:PersistentLevel.LandscapeStreamingProxy_8A5981RF4J0M8OUXYZ2U1UMB5_30_2_3_0
 |- Actor Package: /Game/FirstPerson/Maps/UEDPIE_0_FirstPersonMap_InstanceOf_/Game/__ExternalActors__/FirstPerson/Maps/FirstPersonMap/E/B5/YDDRWBZC1GNIOW9847601Q
 |- Actor Path: /Game/FirstPerson/Maps/UEDPIE_0_FirstPersonMap.FirstPersonMap:PersistentLevel.LandscapeStreamingProxy_8A5981RF4J0M8OUXYZ2U1UMB5_30_3_0_0
 |- Actor Package: /Game/FirstPerson/Maps/UEDPIE_0_FirstPersonMap_InstanceOf_/Game/__ExternalActors__/FirstPerson/Maps/FirstPersonMap/9/TX/UGJDFNNOBFN03B8JHTA8AY
 |- Actor Path: /Game/FirstPerson/Maps/UEDPIE_0_FirstPersonMap.FirstPersonMap:PersistentLevel.LandscapeStreamingProxy_8A5981RF4J0M8OUXYZ2U1UMB5_30_3_1_0
 |- Actor Package: /Game/FirstPerson/Maps/UEDPIE_0_FirstPersonMap_InstanceOf_/Game/__ExternalActors__/FirstPerson/Maps/FirstPersonMap/4/OM/RHN9D6TVHQV1DKT2PP2FHY
 |- Actor Path: /Game/FirstPerson/Maps/UEDPIE_0_FirstPersonMap.FirstPersonMap:PersistentLevel.LandscapeStreamingProxy_8A5981RF4J0M8OUXYZ2U1UMB5_30_3_2_0
 |- Actor Package: /Game/FirstPerson/Maps/UEDPIE_0_FirstPersonMap_InstanceOf_/Game/__ExternalActors__/FirstPerson/Maps/FirstPersonMap/F/4X/HHOG387PL0NRAH8IJ8QALI
 |- Actor Path: /Game/FirstPerson/Maps/UEDPIE_0_FirstPersonMap.FirstPersonMap:PersistentLevel.LandscapeStreamingProxy_8A5981RF4J0M8OUXYZ2U1UMB5_30_3_3_0
 |- Actor Package: /Game/FirstPerson/Maps/UEDPIE_0_FirstPersonMap_InstanceOf_/Game/__ExternalActors__/FirstPerson/Maps/FirstPersonMap/6/1D/1ICCKQYDAFTJ5VU5WYAGUS
 |- Actor Path: /Game/FirstPerson/Maps/UEDPIE_0_FirstPersonMap.FirstPersonMap:PersistentLevel.LevelInstance_UAID_A8A159704B01B00302_1323661644
 |- Actor Package: /Game/FirstPerson/Maps/UEDPIE_0_FirstPersonMap_InstanceOf_/Game/__ExternalActors__/FirstPerson/Maps/FirstPersonMap/2/GA/4YBGAMCNTCZ79VARYMIM0F
 |- Actor Path: /Game/FirstPerson/Maps/UEDPIE_0_FirstPersonMap.FirstPersonMap:PersistentLevel.NavMeshBoundsVolume_UAID_7C8AE1A23E3B640402_1463013321
 |- Actor Package: /Game/FirstPerson/Maps/UEDPIE_0_FirstPersonMap_InstanceOf_/Game/__ExternalActors__/FirstPerson/Maps/FirstPersonMap/1/4G/M16G4FIGZSFDNEQ2OM0GMW
 |- Actor Path: /Game/FirstPerson/Maps/UEDPIE_0_FirstPersonMap.FirstPersonMap:PersistentLevel.PlayerStart_0
 |- Actor Package: /Game/FirstPerson/Maps/UEDPIE_0_FirstPersonMap_InstanceOf_/Game/__ExternalActors__/FirstPerson/Maps/FirstPersonMap/8/Z7/W1SXRCM1KAKBJOIZDLHZ47
 |- Actor Path: /Game/FirstPerson/Maps/UEDPIE_0_FirstPersonMap.FirstPersonMap:PersistentLevel.PostProcessVolume_0
 |- Actor Package: /Game/FirstPerson/Maps/UEDPIE_0_FirstPersonMap_InstanceOf_/Game/__ExternalActors__/FirstPerson/Maps/FirstPersonMap/E/MX/R1GV431P5FDO08OFULRA01
 |- Actor Path: /Game/FirstPerson/Maps/UEDPIE_0_FirstPersonMap.FirstPersonMap:PersistentLevel.RecastNavMesh_UAID_7C8AE1A23E3B640402-Default
 |- Actor Package: /Game/FirstPerson/Maps/UEDPIE_0_FirstPersonMap_InstanceOf_/Game/__ExternalActors__/FirstPerson/Maps/FirstPersonMap/9/1C/N9KALE3C65OPTOOF6DUHN4
 |- Actor Path: /Game/FirstPerson/Maps/UEDPIE_0_FirstPersonMap.FirstPersonMap:PersistentLevel.SkyAtmosphere_0
 |- Actor Package: /Game/FirstPerson/Maps/UEDPIE_0_FirstPersonMap_InstanceOf_/Game/__ExternalActors__/FirstPerson/Maps/FirstPersonMap/C/VO/VMN4G7K3NKKV6F8HTPHHDB
 |- Actor Path: /Game/FirstPerson/Maps/UEDPIE_0_FirstPersonMap.FirstPersonMap:PersistentLevel.SkyLight_0
 |- Actor Package: /Game/FirstPerson/Maps/UEDPIE_0_FirstPersonMap_InstanceOf_/Game/__ExternalActors__/FirstPerson/Maps/FirstPersonMap/6/0Z/5RQIHCZ9W3UXRGL4LTLQAK
 |- Actor Path: /Game/FirstPerson/Maps/UEDPIE_0_FirstPersonMap.FirstPersonMap:PersistentLevel.StaticMeshActor_UAID_A4AE111137DC5EFB00_2001720423
 |- Actor Package: /Game/FirstPerson/Maps/UEDPIE_0_FirstPersonMap_InstanceOf_/Game/__ExternalActors__/FirstPerson/Maps/FirstPersonMap/C/ZU/PDQ0AB8RLNMVID876FD49G
 |- Actor Path: /Game/FirstPerson/Maps/UEDPIE_0_FirstPersonMap.FirstPersonMap:PersistentLevel.StaticMeshActor_UAID_A8A159704B01B70302_1894753875
 |- Actor Package: /Game/FirstPerson/Maps/UEDPIE_0_FirstPersonMap_InstanceOf_/Game/__ExternalActors__/FirstPerson/Maps/FirstPersonMap/0/UC/UJICLQOYJ04R2LVWUTM4Y1
 |- Actor Path: /Game/FirstPerson/Maps/UEDPIE_0_FirstPersonMap.FirstPersonMap:PersistentLevel.StaticMeshActor_UAID_A8A159704B01B70302_2073234876
 |- Actor Package: /Game/FirstPerson/Maps/UEDPIE_0_FirstPersonMap_InstanceOf_/Game/__ExternalActors__/FirstPerson/Maps/FirstPersonMap/0/JZ/KYZK30HJ6X7XUZ6FSV56ND
 |- Actor Path: /Game/FirstPerson/Maps/UEDPIE_0_FirstPersonMap.FirstPersonMap:PersistentLevel.StaticMeshActor_UAID_A8A159704B01B80302_1078343054
 |- Actor Package: /Game/FirstPerson/Maps/UEDPIE_0_FirstPersonMap_InstanceOf_/Game/__ExternalActors__/FirstPerson/Maps/FirstPersonMap/3/ML/3B7HB0K4TQZDSZA36VOQLG
 |- Actor Path: /Game/FirstPerson/Maps/UEDPIE_0_FirstPersonMap.FirstPersonMap:PersistentLevel.StaticMeshActor_UAID_A8A159704B01B80302_1112816055
 |- Actor Package: /Game/FirstPerson/Maps/UEDPIE_0_FirstPersonMap_InstanceOf_/Game/__ExternalActors__/FirstPerson/Maps/FirstPersonMap/D/CO/PONHMX10JADZWZR9C0N3X6
 |- Actor Path: /Game/FirstPerson/Maps/UEDPIE_0_FirstPersonMap.FirstPersonMap:PersistentLevel.TextRenderActor_1
 |- Actor Package: /Game/FirstPerson/Maps/UEDPIE_0_FirstPersonMap_InstanceOf_/Game/__ExternalActors__/FirstPerson/Maps/FirstPersonMap/1/RN/55P1SMQLAF7OK6300D5I8N
 |- Actor Path: /Game/FirstPerson/Maps/UEDPIE_0_FirstPersonMap.FirstPersonMap:PersistentLevel.VolumetricCloud_0
 |- Actor Package: /Game/FirstPerson/Maps/UEDPIE_0_FirstPersonMap_InstanceOf_/Game/__ExternalActors__/FirstPerson/Maps/FirstPersonMap/0/GO/I8WEFD3RY9V3NVQLSU6QM4
 |- Actor Path: /Game/FirstPerson/Maps/UEDPIE_0_FirstPersonMap.FirstPersonMap:PersistentLevel.WorldDataLayers
 |- Actor Package: /Game/__ExternalActors__/FirstPerson/Maps/FirstPersonMap/D/0W/E1FKEGVKGOLM7HGLQPCIPO

----------------------------------------------------------------------------------------------------------------
FirstPersonMap - Runtime Hash Set
----------------------------------------------------------------------------------------------------------------

